<?xml version="1.0" encoding="UTF-8"?>
<testsuite xmlns:xsi="http://www.w3.org/2001/XMLSchema-instance" xsi:noNamespaceSchemaLocation="https://maven.apache.org/surefire/maven-surefire-plugin/xsd/surefire-test-report.xsd" version="3.0.2" name="petstore.TestRunner" time="9.58" tests="4" errors="0" skipped="0" failures="0">
  <properties>
[...]
</properties>
  <testcase name="[1:9] 1. Añadir una mascota" classname="petstore.TestRunner" time="4.516">
    <system-out><![CDATA[--- Buscando el archivo en la ruta: file:/C:/Users/user/Documents/Johy/Proyectos_JB/RetoPetStoreKarate/target/test-classes/petstore/petstore.feature
19:51:53.324 [main] DEBUG com.jayway.jsonpath.internal.path.CompiledPath -- Evaluating path: $
19:51:53.460 [main] DEBUG io.netty.util.internal.logging.InternalLoggerFactory -- Using SLF4J as the default logging framework
19:51:53.463 [main] DEBUG io.netty.util.internal.PlatformDependent0 -- -Dio.netty.noUnsafe: false
19:51:53.464 [main] DEBUG io.netty.util.internal.PlatformDependent0 -- Java version: 17
19:51:53.466 [main] DEBUG io.netty.util.internal.PlatformDependent0 -- sun.misc.Unsafe.theUnsafe: available
19:51:53.468 [main] DEBUG io.netty.util.internal.PlatformDependent0 -- sun.misc.Unsafe.copyMemory: available
19:51:53.468 [main] DEBUG io.netty.util.internal.PlatformDependent0 -- sun.misc.Unsafe.storeFence: available
19:51:53.469 [main] DEBUG io.netty.util.internal.PlatformDependent0 -- java.nio.Buffer.address: available
19:51:53.470 [main] DEBUG io.netty.util.internal.PlatformDependent0 -- direct buffer constructor: unavailable: Reflective setAccessible(true) disabled
19:51:53.471 [main] DEBUG io.netty.util.internal.PlatformDependent0 -- java.nio.Bits.unaligned: available, true
19:51:53.473 [main] DEBUG io.netty.util.internal.PlatformDependent0 -- jdk.internal.misc.Unsafe.allocateUninitializedArray(int): unavailable: class io.netty.util.internal.PlatformDependent0$7 cannot access class jdk.internal.misc.Unsafe (in module java.base) because module java.base does not export jdk.internal.misc to unnamed module @4516af24
19:51:53.475 [main] DEBUG io.netty.util.internal.PlatformDependent0 -- java.nio.DirectByteBuffer.<init>(long, {int,long}): unavailable
19:51:53.476 [main] DEBUG io.netty.util.internal.PlatformDependent -- sun.misc.Unsafe: available
19:51:53.478 [main] DEBUG io.netty.util.internal.PlatformDependent -- maxDirectMemory: 3164602368 bytes (maybe)
19:51:53.478 [main] DEBUG io.netty.util.internal.PlatformDependent -- -Dio.netty.tmpdir: C:\Users\user\AppData\Local\Temp (java.io.tmpdir)
19:51:53.479 [main] DEBUG io.netty.util.internal.PlatformDependent -- -Dio.netty.bitMode: 64 (sun.arch.data.model)
19:51:53.485 [main] DEBUG io.netty.util.internal.PlatformDependent -- Platform: Windows
19:51:53.489 [main] DEBUG io.netty.util.internal.PlatformDependent -- -Dio.netty.maxDirectMemory: -1 bytes
19:51:53.489 [main] DEBUG io.netty.util.internal.PlatformDependent -- -Dio.netty.uninitializedArrayAllocationThreshold: -1
19:51:53.490 [main] DEBUG io.netty.util.internal.CleanerJava9 -- java.nio.ByteBuffer.cleaner(): available
19:51:53.491 [main] DEBUG io.netty.util.internal.PlatformDependent -- -Dio.netty.noPreferDirect: false
19:51:54.464 [main] DEBUG org.apache.http.client.protocol.RequestAddCookies -- CookieSpec selected: karate
19:51:54.484 [main] DEBUG org.apache.http.client.protocol.RequestAuthCache -- Auth cache not set in the context
19:51:54.488 [main] DEBUG com.intuit.karate -- request:
1 > POST https://petstore.swagger.io/v2/pet
1 > Accept: application/json
1 > Content-Type: application/json; charset=UTF-8
1 > Content-Length: 55
1 > Host: petstore.swagger.io
1 > Connection: Keep-Alive
1 > User-Agent: Apache-HttpClient/4.5.14 (Java/17.0.19)
1 > Accept-Encoding: gzip,deflate
{"id":999888777,"name":"Firulais","status":"available"}

19:51:54.492 [main] DEBUG org.apache.http.impl.conn.PoolingHttpClientConnectionManager -- Connection request: [route: {s}->https://petstore.swagger.io:443][total available: 0; route allocated: 0 of 5; total allocated: 0 of 10]
19:51:54.529 [main] DEBUG org.apache.http.impl.conn.PoolingHttpClientConnectionManager -- Connection leased: [id: 0][route: {s}->https://petstore.swagger.io:443][total available: 0; route allocated: 1 of 5; total allocated: 1 of 10]
19:51:54.532 [main] DEBUG org.apache.http.impl.execchain.MainClientExec -- Opening connection {s}->https://petstore.swagger.io:443
19:51:54.800 [main] DEBUG org.apache.http.impl.conn.DefaultHttpClientConnectionOperator -- Connecting to petstore.swagger.io/18.206.104.148:443
19:51:54.800 [main] DEBUG org.apache.http.conn.ssl.SSLConnectionSocketFactory -- Connecting socket to petstore.swagger.io/18.206.104.148:443 with timeout 30000
19:51:54.963 [main] DEBUG org.apache.http.conn.ssl.SSLConnectionSocketFactory -- Enabled protocols: [TLSv1.3, TLSv1.2]
19:51:54.963 [main] DEBUG org.apache.http.conn.ssl.SSLConnectionSocketFactory -- Enabled cipher suites:[TLS_AES_256_GCM_SHA384, TLS_AES_128_GCM_SHA256, TLS_CHACHA20_POLY1305_SHA256, TLS_ECDHE_ECDSA_WITH_AES_256_GCM_SHA384, TLS_ECDHE_ECDSA_WITH_AES_128_GCM_SHA256, TLS_ECDHE_ECDSA_WITH_CHACHA20_POLY1305_SHA256, TLS_ECDHE_RSA_WITH_AES_256_GCM_SHA384, TLS_ECDHE_RSA_WITH_CHACHA20_POLY1305_SHA256, TLS_ECDHE_RSA_WITH_AES_128_GCM_SHA256, TLS_DHE_RSA_WITH_AES_256_GCM_SHA384, TLS_DHE_RSA_WITH_CHACHA20_POLY1305_SHA256, TLS_DHE_DSS_WITH_AES_256_GCM_SHA384, TLS_DHE_RSA_WITH_AES_128_GCM_SHA256, TLS_DHE_DSS_WITH_AES_128_GCM_SHA256, TLS_ECDHE_ECDSA_WITH_AES_256_CBC_SHA384, TLS_ECDHE_RSA_WITH_AES_256_CBC_SHA384, TLS_ECDHE_ECDSA_WITH_AES_128_CBC_SHA256, TLS_ECDHE_RSA_WITH_AES_128_CBC_SHA256, TLS_DHE_RSA_WITH_AES_256_CBC_SHA256, TLS_DHE_DSS_WITH_AES_256_CBC_SHA256, TLS_DHE_RSA_WITH_AES_128_CBC_SHA256, TLS_DHE_DSS_WITH_AES_128_CBC_SHA256, TLS_ECDHE_ECDSA_WITH_AES_256_CBC_SHA, TLS_ECDHE_RSA_WITH_AES_256_CBC_SHA, TLS_ECDHE_ECDSA_WITH_AES_128_CBC_SHA, TLS_ECDHE_RSA_WITH_AES_128_CBC_SHA, TLS_DHE_RSA_WITH_AES_256_CBC_SHA, TLS_DHE_DSS_WITH_AES_256_CBC_SHA, TLS_DHE_RSA_WITH_AES_128_CBC_SHA, TLS_DHE_DSS_WITH_AES_128_CBC_SHA, TLS_EMPTY_RENEGOTIATION_INFO_SCSV]
19:51:54.963 [main] DEBUG org.apache.http.conn.ssl.SSLConnectionSocketFactory -- Starting handshake
19:51:55.282 [main] DEBUG org.apache.http.conn.ssl.SSLConnectionSocketFactory -- Secure session established
19:51:55.282 [main] DEBUG org.apache.http.conn.ssl.SSLConnectionSocketFactory --  negotiated protocol: TLSv1.2
19:51:55.283 [main] DEBUG org.apache.http.conn.ssl.SSLConnectionSocketFactory --  negotiated cipher suite: TLS_ECDHE_RSA_WITH_AES_128_GCM_SHA256
19:51:55.283 [main] DEBUG org.apache.http.conn.ssl.SSLConnectionSocketFactory --  peer principal: CN=*.swagger.io
19:51:55.284 [main] DEBUG org.apache.http.conn.ssl.SSLConnectionSocketFactory --  peer alternative names: [*.swagger.io]
19:51:55.284 [main] DEBUG org.apache.http.conn.ssl.SSLConnectionSocketFactory --  issuer principal: CN=Amazon RSA 2048 M04, O=Amazon, C=US
19:51:55.291 [main] DEBUG org.apache.http.impl.conn.DefaultHttpClientConnectionOperator -- Connection established 192.168.100.107:52833<->18.206.104.148:443
19:51:55.291 [main] DEBUG org.apache.http.impl.conn.DefaultManagedHttpClientConnection -- http-outgoing-0: set socket timeout to 30000
19:51:55.292 [main] DEBUG org.apache.http.impl.execchain.MainClientExec -- Executing request POST /v2/pet HTTP/1.1
19:51:55.292 [main] DEBUG org.apache.http.impl.execchain.MainClientExec -- Target auth state: UNCHALLENGED
19:51:55.293 [main] DEBUG org.apache.http.impl.execchain.MainClientExec -- Proxy auth state: UNCHALLENGED
19:51:55.295 [main] DEBUG org.apache.http.headers -- http-outgoing-0 >> POST /v2/pet HTTP/1.1
19:51:55.296 [main] DEBUG org.apache.http.headers -- http-outgoing-0 >> Accept: application/json
19:51:55.297 [main] DEBUG org.apache.http.headers -- http-outgoing-0 >> Content-Type: application/json; charset=UTF-8
19:51:55.297 [main] DEBUG org.apache.http.headers -- http-outgoing-0 >> Content-Length: 55
19:51:55.297 [main] DEBUG org.apache.http.headers -- http-outgoing-0 >> Host: petstore.swagger.io
19:51:55.297 [main] DEBUG org.apache.http.headers -- http-outgoing-0 >> Connection: Keep-Alive
19:51:55.297 [main] DEBUG org.apache.http.headers -- http-outgoing-0 >> User-Agent: Apache-HttpClient/4.5.14 (Java/17.0.19)
19:51:55.297 [main] DEBUG org.apache.http.headers -- http-outgoing-0 >> Accept-Encoding: gzip,deflate
19:51:55.298 [main] DEBUG org.apache.http.wire -- http-outgoing-0 >> "POST /v2/pet HTTP/1.1[\r][\n]"
19:51:55.298 [main] DEBUG org.apache.http.wire -- http-outgoing-0 >> "Accept: application/json[\r][\n]"
19:51:55.298 [main] DEBUG org.apache.http.wire -- http-outgoing-0 >> "Content-Type: application/json; charset=UTF-8[\r][\n]"
19:51:55.299 [main] DEBUG org.apache.http.wire -- http-outgoing-0 >> "Content-Length: 55[\r][\n]"
19:51:55.299 [main] DEBUG org.apache.http.wire -- http-outgoing-0 >> "Host: petstore.swagger.io[\r][\n]"
19:51:55.299 [main] DEBUG org.apache.http.wire -- http-outgoing-0 >> "Connection: Keep-Alive[\r][\n]"
19:51:55.299 [main] DEBUG org.apache.http.wire -- http-outgoing-0 >> "User-Agent: Apache-HttpClient/4.5.14 (Java/17.0.19)[\r][\n]"
19:51:55.299 [main] DEBUG org.apache.http.wire -- http-outgoing-0 >> "Accept-Encoding: gzip,deflate[\r][\n]"
19:51:55.299 [main] DEBUG org.apache.http.wire -- http-outgoing-0 >> "[\r][\n]"
19:51:55.299 [main] DEBUG org.apache.http.wire -- http-outgoing-0 >> "{"id":999888777,"name":"Firulais","status":"available"}"
19:51:55.391 [main] DEBUG org.apache.http.wire -- http-outgoing-0 << "HTTP/1.1 200 OK[\r][\n]"
19:51:55.391 [main] DEBUG org.apache.http.wire -- http-outgoing-0 << "Date: Sun, 31 May 2026 00:51:55 GMT[\r][\n]"
19:51:55.391 [main] DEBUG org.apache.http.wire -- http-outgoing-0 << "Content-Type: application/json[\r][\n]"
19:51:55.392 [main] DEBUG org.apache.http.wire -- http-outgoing-0 << "Transfer-Encoding: chunked[\r][\n]"
19:51:55.392 [main] DEBUG org.apache.http.wire -- http-outgoing-0 << "Connection: keep-alive[\r][\n]"
19:51:55.392 [main] DEBUG org.apache.http.wire -- http-outgoing-0 << "Access-Control-Allow-Origin: *[\r][\n]"
19:51:55.392 [main] DEBUG org.apache.http.wire -- http-outgoing-0 << "Access-Control-Allow-Methods: GET, POST, DELETE, PUT[\r][\n]"
19:51:55.392 [main] DEBUG org.apache.http.wire -- http-outgoing-0 << "Access-Control-Allow-Headers: Content-Type, api_key, Authorization[\r][\n]"
19:51:55.392 [main] DEBUG org.apache.http.wire -- http-outgoing-0 << "Server: Jetty(9.2.9.v20150224)[\r][\n]"
19:51:55.392 [main] DEBUG org.apache.http.wire -- http-outgoing-0 << "[\r][\n]"
19:51:55.392 [main] DEBUG org.apache.http.wire -- http-outgoing-0 << "50[\r][\n]"
19:51:55.392 [main] DEBUG org.apache.http.wire -- http-outgoing-0 << "{"id":999888777,"name":"Firulais","photoUrls":[],"tags":[],"status":"available"}[\r][\n]"
19:51:55.396 [main] DEBUG org.apache.http.headers -- http-outgoing-0 << HTTP/1.1 200 OK
19:51:55.396 [main] DEBUG org.apache.http.headers -- http-outgoing-0 << Date: Sun, 31 May 2026 00:51:55 GMT
19:51:55.396 [main] DEBUG org.apache.http.headers -- http-outgoing-0 << Content-Type: application/json
19:51:55.396 [main] DEBUG org.apache.http.headers -- http-outgoing-0 << Transfer-Encoding: chunked
19:51:55.397 [main] DEBUG org.apache.http.headers -- http-outgoing-0 << Connection: keep-alive
19:51:55.397 [main] DEBUG org.apache.http.headers -- http-outgoing-0 << Access-Control-Allow-Origin: *
19:51:55.397 [main] DEBUG org.apache.http.headers -- http-outgoing-0 << Access-Control-Allow-Methods: GET, POST, DELETE, PUT
19:51:55.397 [main] DEBUG org.apache.http.headers -- http-outgoing-0 << Access-Control-Allow-Headers: Content-Type, api_key, Authorization
19:51:55.398 [main] DEBUG org.apache.http.headers -- http-outgoing-0 << Server: Jetty(9.2.9.v20150224)
19:51:55.405 [main] DEBUG org.apache.http.impl.execchain.MainClientExec -- Connection can be kept alive indefinitely
19:51:55.408 [main] DEBUG org.apache.http.wire -- http-outgoing-0 << "0[\r][\n]"
19:51:55.408 [main] DEBUG org.apache.http.wire -- http-outgoing-0 << "[\r][\n]"
19:51:55.408 [main] DEBUG org.apache.http.impl.conn.PoolingHttpClientConnectionManager -- Connection [id: 0][route: {s}->https://petstore.swagger.io:443] can be kept alive indefinitely
19:51:55.408 [main] DEBUG org.apache.http.impl.conn.DefaultManagedHttpClientConnection -- http-outgoing-0: set socket timeout to 0
19:51:55.409 [main] DEBUG org.apache.http.impl.conn.PoolingHttpClientConnectionManager -- Connection released: [id: 0][route: {s}->https://petstore.swagger.io:443][total available: 1; route allocated: 1 of 5; total allocated: 1 of 10]
19:51:55.409 [main] DEBUG org.apache.http.impl.conn.PoolingHttpClientConnectionManager -- Connection manager is shutting down
19:51:55.410 [main] DEBUG org.apache.http.impl.conn.DefaultManagedHttpClientConnection -- http-outgoing-0: Close connection
19:51:55.412 [main] DEBUG org.apache.http.impl.conn.PoolingHttpClientConnectionManager -- Connection manager shut down
19:51:55.415 [main] DEBUG com.intuit.karate -- response time in milliseconds: 920
1 < 200
1 < Date: Sun, 31 May 2026 00:51:55 GMT
1 < Content-Type: application/json
1 < Transfer-Encoding: chunked
1 < Connection: keep-alive
1 < Access-Control-Allow-Origin: *
1 < Access-Control-Allow-Methods: GET, POST, DELETE, PUT
1 < Access-Control-Allow-Headers: Content-Type, api_key, Authorization
1 < Server: Jetty(9.2.9.v20150224)
{"id":999888777,"name":"Firulais","photoUrls":[],"tags":[],"status":"available"}

19:51:55.505 [main] INFO com.intuit.karate -- [print] Mascota creada con éxito, respuesta recibida. 
]]></system-out>
  </testcase>
  <testcase name="[2:16] 2. Consultar la mascota por ID" classname="petstore.TestRunner" time="0.363">
    <system-out><![CDATA[19:51:55.540 [main] DEBUG org.apache.http.client.protocol.RequestAddCookies -- CookieSpec selected: karate
19:51:55.540 [main] DEBUG org.apache.http.client.protocol.RequestAuthCache -- Auth cache not set in the context
19:51:55.540 [main] DEBUG com.intuit.karate -- request:
1 > GET https://petstore.swagger.io/v2/pet/999888777
1 > Accept: application/json
1 > Host: petstore.swagger.io
1 > Connection: Keep-Alive
1 > User-Agent: Apache-HttpClient/4.5.14 (Java/17.0.19)
1 > Accept-Encoding: gzip,deflate


19:51:55.540 [main] DEBUG org.apache.http.impl.conn.PoolingHttpClientConnectionManager -- Connection request: [route: {s}->https://petstore.swagger.io:443][total available: 0; route allocated: 0 of 5; total allocated: 0 of 10]
19:51:55.541 [main] DEBUG org.apache.http.impl.conn.PoolingHttpClientConnectionManager -- Connection leased: [id: 1][route: {s}->https://petstore.swagger.io:443][total available: 0; route allocated: 1 of 5; total allocated: 1 of 10]
19:51:55.541 [main] DEBUG org.apache.http.impl.execchain.MainClientExec -- Opening connection {s}->https://petstore.swagger.io:443
19:51:55.541 [main] DEBUG org.apache.http.impl.conn.DefaultHttpClientConnectionOperator -- Connecting to petstore.swagger.io/18.206.104.148:443
19:51:55.541 [main] DEBUG org.apache.http.conn.ssl.SSLConnectionSocketFactory -- Connecting socket to petstore.swagger.io/18.206.104.148:443 with timeout 30000
19:51:55.633 [main] DEBUG org.apache.http.conn.ssl.SSLConnectionSocketFactory -- Enabled protocols: [TLSv1.3, TLSv1.2]
19:51:55.633 [main] DEBUG org.apache.http.conn.ssl.SSLConnectionSocketFactory -- Enabled cipher suites:[TLS_AES_256_GCM_SHA384, TLS_AES_128_GCM_SHA256, TLS_CHACHA20_POLY1305_SHA256, TLS_ECDHE_ECDSA_WITH_AES_256_GCM_SHA384, TLS_ECDHE_ECDSA_WITH_AES_128_GCM_SHA256, TLS_ECDHE_ECDSA_WITH_CHACHA20_POLY1305_SHA256, TLS_ECDHE_RSA_WITH_AES_256_GCM_SHA384, TLS_ECDHE_RSA_WITH_CHACHA20_POLY1305_SHA256, TLS_ECDHE_RSA_WITH_AES_128_GCM_SHA256, TLS_DHE_RSA_WITH_AES_256_GCM_SHA384, TLS_DHE_RSA_WITH_CHACHA20_POLY1305_SHA256, TLS_DHE_DSS_WITH_AES_256_GCM_SHA384, TLS_DHE_RSA_WITH_AES_128_GCM_SHA256, TLS_DHE_DSS_WITH_AES_128_GCM_SHA256, TLS_ECDHE_ECDSA_WITH_AES_256_CBC_SHA384, TLS_ECDHE_RSA_WITH_AES_256_CBC_SHA384, TLS_ECDHE_ECDSA_WITH_AES_128_CBC_SHA256, TLS_ECDHE_RSA_WITH_AES_128_CBC_SHA256, TLS_DHE_RSA_WITH_AES_256_CBC_SHA256, TLS_DHE_DSS_WITH_AES_256_CBC_SHA256, TLS_DHE_RSA_WITH_AES_128_CBC_SHA256, TLS_DHE_DSS_WITH_AES_128_CBC_SHA256, TLS_ECDHE_ECDSA_WITH_AES_256_CBC_SHA, TLS_ECDHE_RSA_WITH_AES_256_CBC_SHA, TLS_ECDHE_ECDSA_WITH_AES_128_CBC_SHA, TLS_ECDHE_RSA_WITH_AES_128_CBC_SHA, TLS_DHE_RSA_WITH_AES_256_CBC_SHA, TLS_DHE_DSS_WITH_AES_256_CBC_SHA, TLS_DHE_RSA_WITH_AES_128_CBC_SHA, TLS_DHE_DSS_WITH_AES_128_CBC_SHA, TLS_EMPTY_RENEGOTIATION_INFO_SCSV]
19:51:55.633 [main] DEBUG org.apache.http.conn.ssl.SSLConnectionSocketFactory -- Starting handshake
19:51:55.740 [main] DEBUG org.apache.http.conn.ssl.SSLConnectionSocketFactory -- Secure session established
19:51:55.740 [main] DEBUG org.apache.http.conn.ssl.SSLConnectionSocketFactory --  negotiated protocol: TLSv1.2
19:51:55.740 [main] DEBUG org.apache.http.conn.ssl.SSLConnectionSocketFactory --  negotiated cipher suite: TLS_ECDHE_RSA_WITH_AES_128_GCM_SHA256
19:51:55.740 [main] DEBUG org.apache.http.conn.ssl.SSLConnectionSocketFactory --  peer principal: CN=*.swagger.io
19:51:55.741 [main] DEBUG org.apache.http.conn.ssl.SSLConnectionSocketFactory --  peer alternative names: [*.swagger.io]
19:51:55.741 [main] DEBUG org.apache.http.conn.ssl.SSLConnectionSocketFactory --  issuer principal: CN=Amazon RSA 2048 M04, O=Amazon, C=US
19:51:55.741 [main] DEBUG org.apache.http.impl.conn.DefaultHttpClientConnectionOperator -- Connection established 192.168.100.107:52834<->18.206.104.148:443
19:51:55.741 [main] DEBUG org.apache.http.impl.conn.DefaultManagedHttpClientConnection -- http-outgoing-1: set socket timeout to 30000
19:51:55.741 [main] DEBUG org.apache.http.impl.execchain.MainClientExec -- Executing request GET /v2/pet/999888777 HTTP/1.1
19:51:55.741 [main] DEBUG org.apache.http.impl.execchain.MainClientExec -- Target auth state: UNCHALLENGED
19:51:55.741 [main] DEBUG org.apache.http.impl.execchain.MainClientExec -- Proxy auth state: UNCHALLENGED
19:51:55.741 [main] DEBUG org.apache.http.headers -- http-outgoing-1 >> GET /v2/pet/999888777 HTTP/1.1
19:51:55.741 [main] DEBUG org.apache.http.headers -- http-outgoing-1 >> Accept: application/json
19:51:55.741 [main] DEBUG org.apache.http.headers -- http-outgoing-1 >> Host: petstore.swagger.io
19:51:55.741 [main] DEBUG org.apache.http.headers -- http-outgoing-1 >> Connection: Keep-Alive
19:51:55.741 [main] DEBUG org.apache.http.headers -- http-outgoing-1 >> User-Agent: Apache-HttpClient/4.5.14 (Java/17.0.19)
19:51:55.741 [main] DEBUG org.apache.http.headers -- http-outgoing-1 >> Accept-Encoding: gzip,deflate
19:51:55.742 [main] DEBUG org.apache.http.wire -- http-outgoing-1 >> "GET /v2/pet/999888777 HTTP/1.1[\r][\n]"
19:51:55.742 [main] DEBUG org.apache.http.wire -- http-outgoing-1 >> "Accept: application/json[\r][\n]"
19:51:55.742 [main] DEBUG org.apache.http.wire -- http-outgoing-1 >> "Host: petstore.swagger.io[\r][\n]"
19:51:55.742 [main] DEBUG org.apache.http.wire -- http-outgoing-1 >> "Connection: Keep-Alive[\r][\n]"
19:51:55.742 [main] DEBUG org.apache.http.wire -- http-outgoing-1 >> "User-Agent: Apache-HttpClient/4.5.14 (Java/17.0.19)[\r][\n]"
19:51:55.742 [main] DEBUG org.apache.http.wire -- http-outgoing-1 >> "Accept-Encoding: gzip,deflate[\r][\n]"
19:51:55.742 [main] DEBUG org.apache.http.wire -- http-outgoing-1 >> "[\r][\n]"
19:51:55.836 [main] DEBUG org.apache.http.wire -- http-outgoing-1 << "HTTP/1.1 200 OK[\r][\n]"
19:51:55.837 [main] DEBUG org.apache.http.wire -- http-outgoing-1 << "Date: Sun, 31 May 2026 00:51:56 GMT[\r][\n]"
19:51:55.837 [main] DEBUG org.apache.http.wire -- http-outgoing-1 << "Content-Type: application/json[\r][\n]"
19:51:55.837 [main] DEBUG org.apache.http.wire -- http-outgoing-1 << "Transfer-Encoding: chunked[\r][\n]"
19:51:55.837 [main] DEBUG org.apache.http.wire -- http-outgoing-1 << "Connection: keep-alive[\r][\n]"
19:51:55.838 [main] DEBUG org.apache.http.wire -- http-outgoing-1 << "Access-Control-Allow-Origin: *[\r][\n]"
19:51:55.838 [main] DEBUG org.apache.http.wire -- http-outgoing-1 << "Access-Control-Allow-Methods: GET, POST, DELETE, PUT[\r][\n]"
19:51:55.838 [main] DEBUG org.apache.http.wire -- http-outgoing-1 << "Access-Control-Allow-Headers: Content-Type, api_key, Authorization[\r][\n]"
19:51:55.838 [main] DEBUG org.apache.http.wire -- http-outgoing-1 << "Server: Jetty(9.2.9.v20150224)[\r][\n]"
19:51:55.838 [main] DEBUG org.apache.http.wire -- http-outgoing-1 << "[\r][\n]"
19:51:55.838 [main] DEBUG org.apache.http.wire -- http-outgoing-1 << "50[\r][\n]"
19:51:55.839 [main] DEBUG org.apache.http.wire -- http-outgoing-1 << "{"id":999888777,"name":"Firulais","photoUrls":[],"tags":[],"status":"available"}[\r][\n]"
19:51:55.839 [main] DEBUG org.apache.http.headers -- http-outgoing-1 << HTTP/1.1 200 OK
19:51:55.839 [main] DEBUG org.apache.http.headers -- http-outgoing-1 << Date: Sun, 31 May 2026 00:51:56 GMT
19:51:55.839 [main] DEBUG org.apache.http.headers -- http-outgoing-1 << Content-Type: application/json
19:51:55.839 [main] DEBUG org.apache.http.headers -- http-outgoing-1 << Transfer-Encoding: chunked
19:51:55.839 [main] DEBUG org.apache.http.headers -- http-outgoing-1 << Connection: keep-alive
19:51:55.840 [main] DEBUG org.apache.http.headers -- http-outgoing-1 << Access-Control-Allow-Origin: *
19:51:55.840 [main] DEBUG org.apache.http.headers -- http-outgoing-1 << Access-Control-Allow-Methods: GET, POST, DELETE, PUT
19:51:55.840 [main] DEBUG org.apache.http.headers -- http-outgoing-1 << Access-Control-Allow-Headers: Content-Type, api_key, Authorization
19:51:55.840 [main] DEBUG org.apache.http.headers -- http-outgoing-1 << Server: Jetty(9.2.9.v20150224)
19:51:55.840 [main] DEBUG org.apache.http.impl.execchain.MainClientExec -- Connection can be kept alive indefinitely
19:51:55.841 [main] DEBUG org.apache.http.wire -- http-outgoing-1 << "0[\r][\n]"
19:51:55.841 [main] DEBUG org.apache.http.wire -- http-outgoing-1 << "[\r][\n]"
19:51:55.841 [main] DEBUG org.apache.http.impl.conn.PoolingHttpClientConnectionManager -- Connection [id: 1][route: {s}->https://petstore.swagger.io:443] can be kept alive indefinitely
19:51:55.841 [main] DEBUG org.apache.http.impl.conn.DefaultManagedHttpClientConnection -- http-outgoing-1: set socket timeout to 0
19:51:55.841 [main] DEBUG org.apache.http.impl.conn.PoolingHttpClientConnectionManager -- Connection released: [id: 1][route: {s}->https://petstore.swagger.io:443][total available: 1; route allocated: 1 of 5; total allocated: 1 of 10]
19:51:55.842 [main] DEBUG org.apache.http.impl.conn.PoolingHttpClientConnectionManager -- Connection manager is shutting down
19:51:55.842 [main] DEBUG org.apache.http.impl.conn.DefaultManagedHttpClientConnection -- http-outgoing-1: Close connection
19:51:55.844 [main] DEBUG org.apache.http.impl.conn.PoolingHttpClientConnectionManager -- Connection manager shut down
19:51:55.844 [main] DEBUG com.intuit.karate -- response time in milliseconds: 302
1 < 200
1 < Date: Sun, 31 May 2026 00:51:56 GMT
1 < Content-Type: application/json
1 < Transfer-Encoding: chunked
1 < Connection: keep-alive
1 < Access-Control-Allow-Origin: *
1 < Access-Control-Allow-Methods: GET, POST, DELETE, PUT
1 < Access-Control-Allow-Headers: Content-Type, api_key, Authorization
1 < Server: Jetty(9.2.9.v20150224)
{"id":999888777,"name":"Firulais","photoUrls":[],"tags":[],"status":"available"}

19:51:55.849 [main] INFO com.intuit.karate -- [print] Mascota encontrada: Firulais 
19:51:55.871 [main] DEBUG com.jayway.jsonpath.internal.path.CompiledPath -- Evaluating path: $['name']
]]></system-out>
  </testcase>
  <testcase name="[3:23] 3. Actualizar nombre y estatus a &quot;sold&quot;" classname="petstore.TestRunner" time="0.346">
    <system-out><![CDATA[19:51:55.900 [main] DEBUG com.jayway.jsonpath.internal.path.CompiledPath -- Evaluating path: $
19:51:55.909 [main] DEBUG org.apache.http.client.protocol.RequestAddCookies -- CookieSpec selected: karate
19:51:55.910 [main] DEBUG org.apache.http.client.protocol.RequestAuthCache -- Auth cache not set in the context
19:51:55.910 [main] DEBUG com.intuit.karate -- request:
1 > PUT https://petstore.swagger.io/v2/pet
1 > Accept: application/json
1 > Content-Type: application/json; charset=UTF-8
1 > Content-Length: 60
1 > Host: petstore.swagger.io
1 > Connection: Keep-Alive
1 > User-Agent: Apache-HttpClient/4.5.14 (Java/17.0.19)
1 > Accept-Encoding: gzip,deflate
{"id":999888777,"name":"Firulais navideño","status":"sold"}

19:51:55.910 [main] DEBUG org.apache.http.impl.conn.PoolingHttpClientConnectionManager -- Connection request: [route: {s}->https://petstore.swagger.io:443][total available: 0; route allocated: 0 of 5; total allocated: 0 of 10]
19:51:55.910 [main] DEBUG org.apache.http.impl.conn.PoolingHttpClientConnectionManager -- Connection leased: [id: 2][route: {s}->https://petstore.swagger.io:443][total available: 0; route allocated: 1 of 5; total allocated: 1 of 10]
19:51:55.910 [main] DEBUG org.apache.http.impl.execchain.MainClientExec -- Opening connection {s}->https://petstore.swagger.io:443
19:51:55.911 [main] DEBUG org.apache.http.impl.conn.DefaultHttpClientConnectionOperator -- Connecting to petstore.swagger.io/18.206.104.148:443
19:51:55.911 [main] DEBUG org.apache.http.conn.ssl.SSLConnectionSocketFactory -- Connecting socket to petstore.swagger.io/18.206.104.148:443 with timeout 30000
19:51:56.002 [main] DEBUG org.apache.http.conn.ssl.SSLConnectionSocketFactory -- Enabled protocols: [TLSv1.3, TLSv1.2]
19:51:56.002 [main] DEBUG org.apache.http.conn.ssl.SSLConnectionSocketFactory -- Enabled cipher suites:[TLS_AES_256_GCM_SHA384, TLS_AES_128_GCM_SHA256, TLS_CHACHA20_POLY1305_SHA256, TLS_ECDHE_ECDSA_WITH_AES_256_GCM_SHA384, TLS_ECDHE_ECDSA_WITH_AES_128_GCM_SHA256, TLS_ECDHE_ECDSA_WITH_CHACHA20_POLY1305_SHA256, TLS_ECDHE_RSA_WITH_AES_256_GCM_SHA384, TLS_ECDHE_RSA_WITH_CHACHA20_POLY1305_SHA256, TLS_ECDHE_RSA_WITH_AES_128_GCM_SHA256, TLS_DHE_RSA_WITH_AES_256_GCM_SHA384, TLS_DHE_RSA_WITH_CHACHA20_POLY1305_SHA256, TLS_DHE_DSS_WITH_AES_256_GCM_SHA384, TLS_DHE_RSA_WITH_AES_128_GCM_SHA256, TLS_DHE_DSS_WITH_AES_128_GCM_SHA256, TLS_ECDHE_ECDSA_WITH_AES_256_CBC_SHA384, TLS_ECDHE_RSA_WITH_AES_256_CBC_SHA384, TLS_ECDHE_ECDSA_WITH_AES_128_CBC_SHA256, TLS_ECDHE_RSA_WITH_AES_128_CBC_SHA256, TLS_DHE_RSA_WITH_AES_256_CBC_SHA256, TLS_DHE_DSS_WITH_AES_256_CBC_SHA256, TLS_DHE_RSA_WITH_AES_128_CBC_SHA256, TLS_DHE_DSS_WITH_AES_128_CBC_SHA256, TLS_ECDHE_ECDSA_WITH_AES_256_CBC_SHA, TLS_ECDHE_RSA_WITH_AES_256_CBC_SHA, TLS_ECDHE_ECDSA_WITH_AES_128_CBC_SHA, TLS_ECDHE_RSA_WITH_AES_128_CBC_SHA, TLS_DHE_RSA_WITH_AES_256_CBC_SHA, TLS_DHE_DSS_WITH_AES_256_CBC_SHA, TLS_DHE_RSA_WITH_AES_128_CBC_SHA, TLS_DHE_DSS_WITH_AES_128_CBC_SHA, TLS_EMPTY_RENEGOTIATION_INFO_SCSV]
19:51:56.003 [main] DEBUG org.apache.http.conn.ssl.SSLConnectionSocketFactory -- Starting handshake
19:51:56.104 [main] DEBUG org.apache.http.conn.ssl.SSLConnectionSocketFactory -- Secure session established
19:51:56.104 [main] DEBUG org.apache.http.conn.ssl.SSLConnectionSocketFactory --  negotiated protocol: TLSv1.2
19:51:56.105 [main] DEBUG org.apache.http.conn.ssl.SSLConnectionSocketFactory --  negotiated cipher suite: TLS_ECDHE_RSA_WITH_AES_128_GCM_SHA256
19:51:56.105 [main] DEBUG org.apache.http.conn.ssl.SSLConnectionSocketFactory --  peer principal: CN=*.swagger.io
19:51:56.105 [main] DEBUG org.apache.http.conn.ssl.SSLConnectionSocketFactory --  peer alternative names: [*.swagger.io]
19:51:56.105 [main] DEBUG org.apache.http.conn.ssl.SSLConnectionSocketFactory --  issuer principal: CN=Amazon RSA 2048 M04, O=Amazon, C=US
19:51:56.106 [main] DEBUG org.apache.http.impl.conn.DefaultHttpClientConnectionOperator -- Connection established 192.168.100.107:52835<->18.206.104.148:443
19:51:56.106 [main] DEBUG org.apache.http.impl.conn.DefaultManagedHttpClientConnection -- http-outgoing-2: set socket timeout to 30000
19:51:56.106 [main] DEBUG org.apache.http.impl.execchain.MainClientExec -- Executing request PUT /v2/pet HTTP/1.1
19:51:56.106 [main] DEBUG org.apache.http.impl.execchain.MainClientExec -- Target auth state: UNCHALLENGED
19:51:56.107 [main] DEBUG org.apache.http.impl.execchain.MainClientExec -- Proxy auth state: UNCHALLENGED
19:51:56.121 [main] DEBUG org.apache.http.headers -- http-outgoing-2 >> PUT /v2/pet HTTP/1.1
19:51:56.122 [main] DEBUG org.apache.http.headers -- http-outgoing-2 >> Accept: application/json
19:51:56.122 [main] DEBUG org.apache.http.headers -- http-outgoing-2 >> Content-Type: application/json; charset=UTF-8
19:51:56.122 [main] DEBUG org.apache.http.headers -- http-outgoing-2 >> Content-Length: 60
19:51:56.122 [main] DEBUG org.apache.http.headers -- http-outgoing-2 >> Host: petstore.swagger.io
19:51:56.122 [main] DEBUG org.apache.http.headers -- http-outgoing-2 >> Connection: Keep-Alive
19:51:56.122 [main] DEBUG org.apache.http.headers -- http-outgoing-2 >> User-Agent: Apache-HttpClient/4.5.14 (Java/17.0.19)
19:51:56.123 [main] DEBUG org.apache.http.headers -- http-outgoing-2 >> Accept-Encoding: gzip,deflate
19:51:56.123 [main] DEBUG org.apache.http.wire -- http-outgoing-2 >> "PUT /v2/pet HTTP/1.1[\r][\n]"
19:51:56.123 [main] DEBUG org.apache.http.wire -- http-outgoing-2 >> "Accept: application/json[\r][\n]"
19:51:56.123 [main] DEBUG org.apache.http.wire -- http-outgoing-2 >> "Content-Type: application/json; charset=UTF-8[\r][\n]"
19:51:56.123 [main] DEBUG org.apache.http.wire -- http-outgoing-2 >> "Content-Length: 60[\r][\n]"
19:51:56.123 [main] DEBUG org.apache.http.wire -- http-outgoing-2 >> "Host: petstore.swagger.io[\r][\n]"
19:51:56.123 [main] DEBUG org.apache.http.wire -- http-outgoing-2 >> "Connection: Keep-Alive[\r][\n]"
19:51:56.123 [main] DEBUG org.apache.http.wire -- http-outgoing-2 >> "User-Agent: Apache-HttpClient/4.5.14 (Java/17.0.19)[\r][\n]"
19:51:56.123 [main] DEBUG org.apache.http.wire -- http-outgoing-2 >> "Accept-Encoding: gzip,deflate[\r][\n]"
19:51:56.123 [main] DEBUG org.apache.http.wire -- http-outgoing-2 >> "[\r][\n]"
19:51:56.123 [main] DEBUG org.apache.http.wire -- http-outgoing-2 >> "{"id":999888777,"name":"Firulais navide[0xc3][0xb1]o","status":"sold"}"
19:51:56.218 [main] DEBUG org.apache.http.wire -- http-outgoing-2 << "HTTP/1.1 200 OK[\r][\n]"
19:51:56.218 [main] DEBUG org.apache.http.wire -- http-outgoing-2 << "Date: Sun, 31 May 2026 00:51:56 GMT[\r][\n]"
19:51:56.218 [main] DEBUG org.apache.http.wire -- http-outgoing-2 << "Content-Type: application/json[\r][\n]"
19:51:56.218 [main] DEBUG org.apache.http.wire -- http-outgoing-2 << "Transfer-Encoding: chunked[\r][\n]"
19:51:56.218 [main] DEBUG org.apache.http.wire -- http-outgoing-2 << "Connection: keep-alive[\r][\n]"
19:51:56.218 [main] DEBUG org.apache.http.wire -- http-outgoing-2 << "Access-Control-Allow-Origin: *[\r][\n]"
19:51:56.218 [main] DEBUG org.apache.http.wire -- http-outgoing-2 << "Access-Control-Allow-Methods: GET, POST, DELETE, PUT[\r][\n]"
19:51:56.218 [main] DEBUG org.apache.http.wire -- http-outgoing-2 << "Access-Control-Allow-Headers: Content-Type, api_key, Authorization[\r][\n]"
19:51:56.218 [main] DEBUG org.apache.http.wire -- http-outgoing-2 << "Server: Jetty(9.2.9.v20150224)[\r][\n]"
19:51:56.218 [main] DEBUG org.apache.http.wire -- http-outgoing-2 << "[\r][\n]"
19:51:56.219 [main] DEBUG org.apache.http.wire -- http-outgoing-2 << "55[\r][\n]"
19:51:56.219 [main] DEBUG org.apache.http.wire -- http-outgoing-2 << "{"id":999888777,"name":"Firulais navide[0xc3][0xb1]o","photoUrls":[],"tags":[],"status":"sold"}[\r][\n]"
19:51:56.219 [main] DEBUG org.apache.http.headers -- http-outgoing-2 << HTTP/1.1 200 OK
19:51:56.219 [main] DEBUG org.apache.http.headers -- http-outgoing-2 << Date: Sun, 31 May 2026 00:51:56 GMT
19:51:56.219 [main] DEBUG org.apache.http.headers -- http-outgoing-2 << Content-Type: application/json
19:51:56.219 [main] DEBUG org.apache.http.headers -- http-outgoing-2 << Transfer-Encoding: chunked
19:51:56.219 [main] DEBUG org.apache.http.headers -- http-outgoing-2 << Connection: keep-alive
19:51:56.220 [main] DEBUG org.apache.http.headers -- http-outgoing-2 << Access-Control-Allow-Origin: *
19:51:56.220 [main] DEBUG org.apache.http.headers -- http-outgoing-2 << Access-Control-Allow-Methods: GET, POST, DELETE, PUT
19:51:56.220 [main] DEBUG org.apache.http.headers -- http-outgoing-2 << Access-Control-Allow-Headers: Content-Type, api_key, Authorization
19:51:56.220 [main] DEBUG org.apache.http.headers -- http-outgoing-2 << Server: Jetty(9.2.9.v20150224)
19:51:56.220 [main] DEBUG org.apache.http.impl.execchain.MainClientExec -- Connection can be kept alive indefinitely
19:51:56.221 [main] DEBUG org.apache.http.wire -- http-outgoing-2 << "0[\r][\n]"
19:51:56.221 [main] DEBUG org.apache.http.wire -- http-outgoing-2 << "[\r][\n]"
19:51:56.221 [main] DEBUG org.apache.http.impl.conn.PoolingHttpClientConnectionManager -- Connection [id: 2][route: {s}->https://petstore.swagger.io:443] can be kept alive indefinitely
19:51:56.221 [main] DEBUG org.apache.http.impl.conn.DefaultManagedHttpClientConnection -- http-outgoing-2: set socket timeout to 0
19:51:56.222 [main] DEBUG org.apache.http.impl.conn.PoolingHttpClientConnectionManager -- Connection released: [id: 2][route: {s}->https://petstore.swagger.io:443][total available: 1; route allocated: 1 of 5; total allocated: 1 of 10]
19:51:56.222 [main] DEBUG org.apache.http.impl.conn.PoolingHttpClientConnectionManager -- Connection manager is shutting down
19:51:56.222 [main] DEBUG org.apache.http.impl.conn.DefaultManagedHttpClientConnection -- http-outgoing-2: Close connection
19:51:56.223 [main] DEBUG org.apache.http.impl.conn.PoolingHttpClientConnectionManager -- Connection manager shut down
19:51:56.224 [main] DEBUG com.intuit.karate -- response time in milliseconds: 312
1 < 200
1 < Date: Sun, 31 May 2026 00:51:56 GMT
1 < Content-Type: application/json
1 < Transfer-Encoding: chunked
1 < Connection: keep-alive
1 < Access-Control-Allow-Origin: *
1 < Access-Control-Allow-Methods: GET, POST, DELETE, PUT
1 < Access-Control-Allow-Headers: Content-Type, api_key, Authorization
1 < Server: Jetty(9.2.9.v20150224)
{"id":999888777,"name":"Firulais navideño","photoUrls":[],"tags":[],"status":"sold"}

19:51:56.229 [main] INFO com.intuit.karate -- [print] Actualización confirmada. 
]]></system-out>
  </testcase>
  <testcase name="[4:30] 4. Consultar mascota por estatus &quot;sold&quot;" classname="petstore.TestRunner" time="2.819">
    <system-out><![CDATA[19:51:56.260 [main] INFO com.intuit.karate -- [print] Buscando mascotas vendidas... 
19:51:56.263 [main] DEBUG org.apache.http.client.protocol.RequestAddCookies -- CookieSpec selected: karate
19:51:56.263 [main] DEBUG org.apache.http.client.protocol.RequestAuthCache -- Auth cache not set in the context
19:51:56.264 [main] DEBUG com.intuit.karate -- request:
1 > GET https://petstore.swagger.io/v2/pet/findByStatus?status=sold
1 > Accept: application/json
1 > Host: petstore.swagger.io
1 > Connection: Keep-Alive
1 > User-Agent: Apache-HttpClient/4.5.14 (Java/17.0.19)
1 > Accept-Encoding: gzip,deflate


19:51:56.264 [main] DEBUG org.apache.http.impl.conn.PoolingHttpClientConnectionManager -- Connection request: [route: {s}->https://petstore.swagger.io:443][total available: 0; route allocated: 0 of 5; total allocated: 0 of 10]
19:51:56.264 [main] DEBUG org.apache.http.impl.conn.PoolingHttpClientConnectionManager -- Connection leased: [id: 3][route: {s}->https://petstore.swagger.io:443][total available: 0; route allocated: 1 of 5; total allocated: 1 of 10]
19:51:56.264 [main] DEBUG org.apache.http.impl.execchain.MainClientExec -- Opening connection {s}->https://petstore.swagger.io:443
19:51:56.265 [main] DEBUG org.apache.http.impl.conn.DefaultHttpClientConnectionOperator -- Connecting to petstore.swagger.io/18.206.104.148:443
19:51:56.265 [main] DEBUG org.apache.http.conn.ssl.SSLConnectionSocketFactory -- Connecting socket to petstore.swagger.io/18.206.104.148:443 with timeout 30000
19:51:56.351 [main] DEBUG org.apache.http.conn.ssl.SSLConnectionSocketFactory -- Enabled protocols: [TLSv1.3, TLSv1.2]
19:51:56.351 [main] DEBUG org.apache.http.conn.ssl.SSLConnectionSocketFactory -- Enabled cipher suites:[TLS_AES_256_GCM_SHA384, TLS_AES_128_GCM_SHA256, TLS_CHACHA20_POLY1305_SHA256, TLS_ECDHE_ECDSA_WITH_AES_256_GCM_SHA384, TLS_ECDHE_ECDSA_WITH_AES_128_GCM_SHA256, TLS_ECDHE_ECDSA_WITH_CHACHA20_POLY1305_SHA256, TLS_ECDHE_RSA_WITH_AES_256_GCM_SHA384, TLS_ECDHE_RSA_WITH_CHACHA20_POLY1305_SHA256, TLS_ECDHE_RSA_WITH_AES_128_GCM_SHA256, TLS_DHE_RSA_WITH_AES_256_GCM_SHA384, TLS_DHE_RSA_WITH_CHACHA20_POLY1305_SHA256, TLS_DHE_DSS_WITH_AES_256_GCM_SHA384, TLS_DHE_RSA_WITH_AES_128_GCM_SHA256, TLS_DHE_DSS_WITH_AES_128_GCM_SHA256, TLS_ECDHE_ECDSA_WITH_AES_256_CBC_SHA384, TLS_ECDHE_RSA_WITH_AES_256_CBC_SHA384, TLS_ECDHE_ECDSA_WITH_AES_128_CBC_SHA256, TLS_ECDHE_RSA_WITH_AES_128_CBC_SHA256, TLS_DHE_RSA_WITH_AES_256_CBC_SHA256, TLS_DHE_DSS_WITH_AES_256_CBC_SHA256, TLS_DHE_RSA_WITH_AES_128_CBC_SHA256, TLS_DHE_DSS_WITH_AES_128_CBC_SHA256, TLS_ECDHE_ECDSA_WITH_AES_256_CBC_SHA, TLS_ECDHE_RSA_WITH_AES_256_CBC_SHA, TLS_ECDHE_ECDSA_WITH_AES_128_CBC_SHA, TLS_ECDHE_RSA_WITH_AES_128_CBC_SHA, TLS_DHE_RSA_WITH_AES_256_CBC_SHA, TLS_DHE_DSS_WITH_AES_256_CBC_SHA, TLS_DHE_RSA_WITH_AES_128_CBC_SHA, TLS_DHE_DSS_WITH_AES_128_CBC_SHA, TLS_EMPTY_RENEGOTIATION_INFO_SCSV]
19:51:56.351 [main] DEBUG org.apache.http.conn.ssl.SSLConnectionSocketFactory -- Starting handshake
19:51:56.445 [main] DEBUG org.apache.http.conn.ssl.SSLConnectionSocketFactory -- Secure session established
19:51:56.446 [main] DEBUG org.apache.http.conn.ssl.SSLConnectionSocketFactory --  negotiated protocol: TLSv1.2
19:51:56.446 [main] DEBUG org.apache.http.conn.ssl.SSLConnectionSocketFactory --  negotiated cipher suite: TLS_ECDHE_RSA_WITH_AES_128_GCM_SHA256
19:51:56.446 [main] DEBUG org.apache.http.conn.ssl.SSLConnectionSocketFactory --  peer principal: CN=*.swagger.io
19:51:56.446 [main] DEBUG org.apache.http.conn.ssl.SSLConnectionSocketFactory --  peer alternative names: [*.swagger.io]
19:51:56.446 [main] DEBUG org.apache.http.conn.ssl.SSLConnectionSocketFactory --  issuer principal: CN=Amazon RSA 2048 M04, O=Amazon, C=US
19:51:56.446 [main] DEBUG org.apache.http.impl.conn.DefaultHttpClientConnectionOperator -- Connection established 192.168.100.107:52836<->18.206.104.148:443
19:51:56.448 [main] DEBUG org.apache.http.impl.conn.DefaultManagedHttpClientConnection -- http-outgoing-3: set socket timeout to 30000
19:51:56.448 [main] DEBUG org.apache.http.impl.execchain.MainClientExec -- Executing request GET /v2/pet/findByStatus?status=sold HTTP/1.1
19:51:56.448 [main] DEBUG org.apache.http.impl.execchain.MainClientExec -- Target auth state: UNCHALLENGED
19:51:56.448 [main] DEBUG org.apache.http.impl.execchain.MainClientExec -- Proxy auth state: UNCHALLENGED
19:51:56.448 [main] DEBUG org.apache.http.headers -- http-outgoing-3 >> GET /v2/pet/findByStatus?status=sold HTTP/1.1
19:51:56.448 [main] DEBUG org.apache.http.headers -- http-outgoing-3 >> Accept: application/json
19:51:56.448 [main] DEBUG org.apache.http.headers -- http-outgoing-3 >> Host: petstore.swagger.io
19:51:56.448 [main] DEBUG org.apache.http.headers -- http-outgoing-3 >> Connection: Keep-Alive
19:51:56.448 [main] DEBUG org.apache.http.headers -- http-outgoing-3 >> User-Agent: Apache-HttpClient/4.5.14 (Java/17.0.19)
19:51:56.448 [main] DEBUG org.apache.http.headers -- http-outgoing-3 >> Accept-Encoding: gzip,deflate
19:51:56.448 [main] DEBUG org.apache.http.wire -- http-outgoing-3 >> "GET /v2/pet/findByStatus?status=sold HTTP/1.1[\r][\n]"
19:51:56.448 [main] DEBUG org.apache.http.wire -- http-outgoing-3 >> "Accept: application/json[\r][\n]"
19:51:56.448 [main] DEBUG org.apache.http.wire -- http-outgoing-3 >> "Host: petstore.swagger.io[\r][\n]"
19:51:56.448 [main] DEBUG org.apache.http.wire -- http-outgoing-3 >> "Connection: Keep-Alive[\r][\n]"
19:51:56.449 [main] DEBUG org.apache.http.wire -- http-outgoing-3 >> "User-Agent: Apache-HttpClient/4.5.14 (Java/17.0.19)[\r][\n]"
19:51:56.449 [main] DEBUG org.apache.http.wire -- http-outgoing-3 >> "Accept-Encoding: gzip,deflate[\r][\n]"
19:51:56.449 [main] DEBUG org.apache.http.wire -- http-outgoing-3 >> "[\r][\n]"
19:51:56.626 [main] DEBUG org.apache.http.wire -- http-outgoing-3 << "HTTP/1.1 200 OK[\r][\n]"
19:51:56.626 [main] DEBUG org.apache.http.wire -- http-outgoing-3 << "Date: Sun, 31 May 2026 00:51:56 GMT[\r][\n]"
19:51:56.626 [main] DEBUG org.apache.http.wire -- http-outgoing-3 << "Content-Type: application/json[\r][\n]"
19:51:56.626 [main] DEBUG org.apache.http.wire -- http-outgoing-3 << "Transfer-Encoding: chunked[\r][\n]"
19:51:56.626 [main] DEBUG org.apache.http.wire -- http-outgoing-3 << "Connection: keep-alive[\r][\n]"
19:51:56.626 [main] DEBUG org.apache.http.wire -- http-outgoing-3 << "Access-Control-Allow-Origin: *[\r][\n]"
19:51:56.626 [main] DEBUG org.apache.http.wire -- http-outgoing-3 << "Access-Control-Allow-Methods: GET, POST, DELETE, PUT[\r][\n]"
19:51:56.626 [main] DEBUG org.apache.http.wire -- http-outgoing-3 << "Access-Control-Allow-Headers: Content-Type, api_key, Authorization[\r][\n]"
19:51:56.626 [main] DEBUG org.apache.http.wire -- http-outgoing-3 << "Server: Jetty(9.2.9.v20150224)[\r][\n]"
19:51:56.626 [main] DEBUG org.apache.http.wire -- http-outgoing-3 << "[\r][\n]"
19:51:56.626 [main] DEBUG org.apache.http.wire -- http-outgoing-3 << "6091[\r][\n]"
19:51:56.628 [main] DEBUG org.apache.http.wire -- http-outgoing-3 << "[{"id":1780158310,"category":{"id":1780158310,"name":"dog"},"name":"hello kity","photoUrls":["http://foo.bar.com/1","http://foo.bar.com/2"],"tags":[{"id":1780158310,"name":"blank"}],"status":"sold"},{"id":1780158312,"category":{"id":1780158312,"name":"dog"},"name":"hello kity","photoUrls":["http://foo.bar.com/1","http://foo.bar.com/2"],"tags":[{"id":1780158312,"name":"swagger-codegen-python-pet-tag"}],"status":"sold"},{"id":23423,"name":"kitty3","photoUrls":["k4@gmail.com"],"tags":[{"id":24335465,"name":"kittu"}],"status":"sold"},{"id":22123423,"category":{"id":1,"name":"Dog"},"name":"Buddy (Adopted)","photoUrls":["http://example.com/pets/buddy.jpg"],"tags":[{"id":1,"name":"adopted"},{"id":2,"name":"good-with-kids"}],"status":"sold"},{"id":3790818166,"category":{"id":12639717,"name":"dog"},"name":"hello kity","photoUrls":["http://foo.bar.com/1","http://foo.bar.com/2"],"tags":[{"id":1600987120,"name":"python-pet-tag"}],"status":"sold"},{"id":1020578936,"category":{"id":208736627,"name":"dog"},"name":"hello kity","photoUrls":["http://foo.bar.com/1","http://foo.bar.com/2"],"tags":[{"id":2595199724,"name":"python-pet-tag"}],"status":"sold"},{"id":4124259368,"category":{"id":3867806291,"name":"dog"},"name":"hello kity","photoUrls":["http://foo.bar.com/1","http://foo.bar.com/2"],"tags":[{"id":2300653328,"name":"python-pet-tag"}],"status":"sold"},{"id":3035757140,"category":{"id":4241853965,"name":"dog"},"name":"hello kity","photoUrls":["http://foo.bar.com/1","http://foo.bar.com/2"],"tags":[{"id":3300052138,"name":"python-pet-tag"}],"status":"sold"},{"id":1783149677,"category":{"id":2372231338,"name":"dog"},"name":"hello kity","photoUrls":["http://foo.bar.com/1","http://foo.bar.com/2"],"tags":[{"id":3946832912,"name":"python-pet-tag"}],"status":"sold"},{"id":1689647405,"category":{"id":507449673,"name":"dog"},"name":"hello kity with updated","photoUrls":["http://foo.bar.com/1","http://foo.bar.com/2"],"tags":[{"id":1651606157,"name":"python-pet-tag"}],"status":"sold"},{"id":2203857726,"category":{"id":708989635,"name":"dog"},"name":"hello kity","photoUrls":["http://foo.bar.com/1","http://foo.bar.com/2"],"tags":[{"id":2868908354,"name":"python-pet-tag"}],"status":"sold"},{"id":9233187,"category":{"id":2177097376,"name":"dog"},"name":"hello kity","photoUrls":["http://foo.bar.com/1","http://foo.bar.com/2"],"tags":[{"id":3214958513,"name":"python-pet-tag"}],"status":"sold"},{"id":213733982,"category":{"id":2489149695,"name":"dog"},"name":"hello kity","photoUrls":["http://foo.bar.com/1","http://foo.bar.com/2"],"tags":[{"id":3273241485,"name":"python-pet-tag"}],"status":"sold"},{"id":1201299969,"category":{"id":1866608733,"name":"dog"},"name":"hello kity","photoUrls":["http://foo.bar.com/1","http://foo.bar.com/2"],"tags":[{"id":686867590,"name":"blank"}],"status":"sold"},{"id":1063834221,"category":{"id":8378149,"name":"dog"},"name":"hello kity","photoUrls":["http://foo.bar.com/1","http://foo.bar.com/2"],"tags":[{"id":2541979651,"name":"blank"}],"status":"sold"},{"id":2018444624,"category":{"id":479272318,"name":"dog"},"name":"hello kity","photoUrls":["http://foo.bar.com/1","http://foo.bar.com/2"],"tags":[{"id":2881811915,"name":"python-pet-tag"}],"status":"sold"},{"id":1298828579,"category":{"id":1502397227,"name":"dog"},"name":"hello kity","photoUrls":["http://foo.bar.com/1","http://foo.bar.com/2"],"tags":[{"id":4075779943,"name":"python-pet-tag"}],"status":"sold"},{"id":1883796838,"category":{"id":2641974697,"name":"dog"},"name":"hello kity","photoUrls":["http://foo.bar.com/1","http://foo.bar.com/2"],"tags":[{"id":2839474268,"name":"python-pet-tag"}],"status":"sold"},{"id":1741713032,"category":{"id":2458385668,"name":"dog"},"name":"hello kity","photoUrls":["http://foo.bar.com/1","http://foo.bar.com/2"],"tags":[{"id":2018260065,"name":"python-pet-tag"}],"status":"sold"},{"id":3019596902,"category":{"id":3343745064,"name":"dog"},"name":"hello kity","photoUrls":["http://foo.bar.com/1","http://foo.bar.com/2"],"tags":[{"id":3764416742,"name":"python-pet-tag"}],"status":"sold"},{"id":1713779235,"category":{"id":2174486215,"name":"dog"},"name":"hello kity with updated","photoUrls":["http://foo.bar.com/1","http://foo.bar.com/2"],"tags":[{"id":4271217111,"name":"python-pet-tag"}],"status":"sold"},{"id":2830147433,"category":{"id":1065095047,"name":"dog"},"name":"hello kity","photoUrls":["http://foo.bar.com/1","http://foo.bar.com/2"],"tags":[{"id":1477078141,"name":"python-pet-tag"}],"status":"sold"},{"id":730338176,"category":{"id":1306212576,"name":"dog"},"name":"hello kity","photoUrls":["http://foo.bar.com/1","http://foo.bar.com/2"],"tags":[{"id":3501747614,"name":"python-pet-tag"}],"status":"sold"},{"id":1981639914,"category":{"id":4077504972,"name":"dog"},"name":"hello kity","photoUrls":["http://foo.bar.com/1","http://foo.bar.com/2"],"tags":[{"id":2696701904,"name":"python-pet-tag"}],"status":"sold"},{"id":31586,"name":"Firulais Updated","photoUrls":[],"tags":[],"status":"sold"},{"id":342,"category":{"id":901,"name":"Intelligent Concrete Bike"},"name":"Ergonomic Metal Ball","photoUrls":["http://placeimg.com/640/480/animals"],"tags":[{"id":719,"name":"Impedit et dolor nihil inventore illo a est minus."},{"id":732,"name":"voluptas non ut"}],"status":"sold"},{"id":1780162285,"category":{"id":1780162285,"name":"dog"},"name":"hello kity","photoUrls":["http://foo.bar.com/1","http://foo.bar.com/2"],"tags":[{"id":1780162285,"name":"blank"}],"status":"sold"},{"id":1780162387,"category":{"id":1780162387,"name":"dog"},"name":"hello kity","photoUrls":["http://foo.bar.com/1","http://foo.bar.com/2"],"tags":[{"id":1780162387,"name":"blank"}],"status":"sold"},{"id":1780162487,"category":{"id":1780162487,"name":"dog"},"name":"hello kity","photoUrls":["http://foo.bar.com/1","http://foo.bar.com/2"],"tags":[{"id":1780162487,"name":"blank"}],"status":"sold"},{"id":1780162637,"category":{"id":1780162637,"name":"dog"},"name":"hello kity","photoUrls":["http://foo.bar.com/1","http://foo.bar.com/2"],"tags":[{"id":1780162637,"name":"blank"}],"status":"sold"},{"id":56331470,"category":{"id":28262311,"name":"nostrud proident"},"name":"doggie","photoUrls":["sunt dolor veniam aliqua","nulla anim ex"],"tags":[{"id":21515670,"name":"voluptate in elit ani"},{"id":-36858804,"name":"proident non deserunt"}],"status":"sold"},{"id":9999999999999999,"category":{"id":0,"name":"sobaks"},"name":"Druzhok","photoUrls":["123"],"tags":[{"id":0,"name":"calm"}],"status":"sold"},{"id":24093935,"category":{"id":-6714225,"name":"do magna"},"name":"doggie","photoUrls":["aute","velit"],"tags":[{"id":71561130,"name":"deserunt ut occaecat"},{"id":-1195842,"name":"nulla nostrud occaeca"}],"status":"sold"},{"id":91507602,"category":{"id":-95494262,"name":"sit ea"},"name":"doggie","photoUrls":["deserunt","id sint et"],"tags":[{"id":-54029842,"name":"ullamco"},{"id":13198949,"name":"id"}],"status":"sold"},{"id":3708840,"category":{"id":9855812,"name":"Duis in commodo"},"name":"doggie","photoUrls":["minim id in sit","est esse culpa nisi"],"tags":[{"id":-89808508,"name":"sit"},{"id":-5238278,"name":"dolor in"}],"status":"sold"},{"id":1780166251,"category":{"id":1780166251,"name":"dog"},"name":"hello kity","photoUrls":["http://foo.bar.com/1","http://foo.bar.com/2"],"tags":[{"id":1780166251,"name":"swagger-codegen-python-pet-tag"}],"status":"sold"},{"id":1780166255,"category":{"id":1780166255,"name":"dog"},"name":"hello kity","photoUrls":["http://foo.bar.com/1","http://foo.bar.com/2"],"tags":[{"id":1780166255,"name":"swagger-codegen-python-pet-tag"}],"status":"sold"},{"id":1780166269,"category":{"id":1780166269,"name":"dog"},"name":"hello kity","photoUrls":["http://foo.bar.com/1","http://foo.bar.com/2"],"tags":[{"id":1780166269,"name":"swagger-codegen-python-pet-tag"}],"status":"sold"},{"id":1780166273,"category":{"id":1780166273,"name":"dog"},"name":"hello kity","photoUrls":["http://foo"
19:51:56.628 [main] DEBUG org.apache.http.headers -- http-outgoing-3 << HTTP/1.1 200 OK
19:51:56.628 [main] DEBUG org.apache.http.headers -- http-outgoing-3 << Date: Sun, 31 May 2026 00:51:56 GMT
19:51:56.628 [main] DEBUG org.apache.http.headers -- http-outgoing-3 << Content-Type: application/json
19:51:56.628 [main] DEBUG org.apache.http.headers -- http-outgoing-3 << Transfer-Encoding: chunked
19:51:56.628 [main] DEBUG org.apache.http.headers -- http-outgoing-3 << Connection: keep-alive
19:51:56.628 [main] DEBUG org.apache.http.headers -- http-outgoing-3 << Access-Control-Allow-Origin: *
19:51:56.628 [main] DEBUG org.apache.http.headers -- http-outgoing-3 << Access-Control-Allow-Methods: GET, POST, DELETE, PUT
19:51:56.628 [main] DEBUG org.apache.http.headers -- http-outgoing-3 << Access-Control-Allow-Headers: Content-Type, api_key, Authorization
19:51:56.628 [main] DEBUG org.apache.http.headers -- http-outgoing-3 << Server: Jetty(9.2.9.v20150224)
19:51:56.628 [main] DEBUG org.apache.http.impl.execchain.MainClientExec -- Connection can be kept alive indefinitely
19:51:56.629 [main] DEBUG org.apache.http.wire -- http-outgoing-3 << ".bar.com/1","http://foo.bar.com/2"],"tags":[{"id":1780166273,"name":"swagger-codegen-python-pet-tag"}],"status":"sold"},{"id":1780166287,"category":{"id":1780166287,"name":"dog"},"name":"hello kity","photoUrls":["http://foo.bar.com/1","http://foo.bar.com/2"],"tags":[{"id":1780166287,"name":"swagger-codegen-python-pet-tag"}],"status":"sold"},{"id":1780166290,"category":{"id":1780166290,"name":"dog"},"name":"hello kity","photoUrls":["http://foo.bar.com/1","http://foo.bar.com/2"],"tags":[{"id":1780166290,"name":"swagger-codegen-python-pet-tag"}],"status":"sold"},{"id":3903023,"category":{"id":-56789506,"name":"cillum p"},"name":"doggie","photoUrls":["aliquip Excepteur","commodo dolore consequat eu"],"tags":[{"id":60937326,"name":"irure in"},{"id":20218536,"name":"sint consectetur ad voluptate"}],"status":"sold"},{"id":2179,"category":{"id":1513,"name":"string"},"name":"doggie","photoUrls":["htTp://whsec.us/rfi.php","string"],"tags":[{"id":3364,"name":"string"},{"id":6942,"name":"string"}],"status":"sold"},{"id":"
19:51:56.629 [main] DEBUG org.apache.http.wire -- http-outgoing-3 << "4415,"category":{"id":2870,"name":"Dogs"},"name":"Rex-ddf33ad0","photoUrls":["http://www.example.com/photos/rex.jpg"],"tags":[{"id":1,"name":"sold-cleanup"}],"status":"sold"},{"id":16,"category":{"id":1,"name":"boy"},"name":"Tom","photoUrls":["https://upload.wikimedia.org/wikipedia/commons/0/0c/Deutscher_Sch%C3%A4ferhund-_portrait.JPG"],"tags":[{"id":16,"name":"nemeckaya ovcharka"}],"status":"sold"},{"id":1780171458,"category":{"id":1780171458,"name":"dog"},"name":"hello kity","photoUrls":["http://foo.bar.com/1","http://foo.bar.com/2"],"tags":[{"id":1780171458,"name":"blank"}],"status":"sold"},{"id":1780171461,"category":{"id":1780171461,"name":"dog"},"name":"hello kity","photoUrls":["http://foo.bar.com/1","http://foo.bar.com/2"],"tags":[{"id":1780171461,"name":"swagger-codegen-python-pet-tag"}],"status":"sold"},{"id":1780171508,"category":{"id":1780171508,"name":"dog"},"name":"hello kity","photoUrls":["http://foo.bar.com/1","http://foo.bar.com/2"],"tags":[{"id":1780171508,"name":"blank"}],"status":"sold"},{""
19:51:56.629 [main] DEBUG org.apache.http.wire -- http-outgoing-3 << "id":1780171510,"category":{"id":1780171510,"name":"dog"},"name":"hello kity","photoUrls":["http://foo.bar.com/1","http://foo.bar.com/2"],"tags":[{"id":1780171510,"name":"swagger-codegen-python-pet-tag"}],"status":"sold"},{"id":1780171520,"category":{"id":1780171520,"name":"dog"},"name":"hello kity","photoUrls":["http://foo.bar.com/1","http://foo.bar.com/2"],"tags":[{"id":1780171520,"name":"blank"}],"status":"sold"},{"id":1780171522,"category":{"id":1780171522,"name":"dog"},"name":"hello kity","photoUrls":["http://foo.bar.com/1","http://foo.bar.com/2"],"tags":[{"id":1780171522,"name":"swagger-codegen-python-pet-tag"}],"status":"sold"},{"id":1780171748,"category":{"id":1780171748,"name":"dog"},"name":"hello kity","photoUrls":["http://foo.bar.com/1","http://foo.bar.com/2"],"tags":[{"id":1780171748,"name":"blank"}],"status":"sold"},{"id":1780171751,"category":{"id":1780171751,"name":"dog"},"name":"hello kity","photoUrls":["http://foo.bar.com/1","http://foo.bar.com/2"],"tags":[{"id":1780171751,"name":"swagger-code"
19:51:56.629 [main] DEBUG org.apache.http.wire -- http-outgoing-3 << "gen-python-pet-tag"}],"status":"sold"},{"id":1780172309,"category":{"id":1780172309,"name":"dog"},"name":"hello kity","photoUrls":["http://foo.bar.com/1","http://foo.bar.com/2"],"tags":[{"id":1780172309,"name":"blank"}],"status":"sold"},{"id":1780172310,"category":{"id":1780172310,"name":"dog"},"name":"hello kity","photoUrls":["http://foo.bar.com/1","http://foo.bar.com/2"],"tags":[{"id":1780172310,"name":"swagger-codegen-python-pet-tag"}],"status":"sold"},{"id":1780172402,"category":{"id":1780172402,"name":"dog"},"name":"hello kity","photoUrls":["http://foo.bar.com/1","http://foo.bar.com/2"],"tags":[{"id":1780172402,"name":"blank"}],"status":"sold"},{"id":1780172403,"category":{"id":1780172403,"name":"dog"},"name":"hello kity","photoUrls":["http://foo.bar.com/1","http://foo.bar.com/2"],"tags":[{"id":1780172403,"name":"swagger-codegen-python-pet-tag"}],"status":"sold"},{"id":1780172505,"category":{"id":1780172505,"name":"dog"},"name":"hello kity","photoUrls":["http://foo.bar.com/1","http://foo.bar.com/2"],"tag"
19:51:56.629 [main] DEBUG org.apache.http.wire -- http-outgoing-3 << "s":[{"id":1780172505,"name":"blank"}],"status":"sold"},{"id":1780172506,"category":{"id":1780172506,"name":"dog"},"name":"hello kity","photoUrls":["http://foo.bar.com/1","http://foo.bar.com/2"],"tags":[{"id":1780172506,"name":"swagger-codegen-python-pet-tag"}],"status":"sold"},{"id":1780173283,"category":{"id":1780173283,"name":"dog"},"name":"hello kity","photoUrls":["http://foo.bar.com/1","http://foo.bar.com/2"],"tags":[{"id":1780173283,"name":"swagger-codegen-python-pet-tag"}],"status":"sold"},{"id":1780173288,"category":{"id":1780173288,"name":"dog"},"name":"hello kity","photoUrls":["http://foo.bar.com/1","http://foo.bar.com/2"],"tags":[{"id":1780173288,"name":"swagger-codegen-python-pet-tag"}],"status":"sold"},{"id":1780173314,"category":{"id":1780173314,"name":"dog"},"name":"hello kity","photoUrls":["http://foo.bar.com/1","http://foo.bar.com/2"],"tags":[{"id":1780173314,"name":"swagger-codegen-python-pet-tag"}],"status":"sold"},{"id":1780173318,"category":{"id":1780173318,"name":"dog"},"name":"hello kity"
19:51:56.630 [main] DEBUG org.apache.http.wire -- http-outgoing-3 << "","photoUrls":["http://foo.bar.com/1","http://foo.bar.com/2"],"tags":[{"id":1780173318,"name":"swagger-codegen-python-pet-tag"}],"status":"sold"},{"id":1780173344,"category":{"id":1780173344,"name":"dog"},"name":"hello kity","photoUrls":["http://foo.bar.com/1","http://foo.bar.com/2"],"tags":[{"id":1780173344,"name":"swagger-codegen-python-pet-tag"}],"status":"sold"},{"id":1780173348,"category":{"id":1780173348,"name":"dog"},"name":"hello kity","photoUrls":["http://foo.bar.com/1","http://foo.bar.com/2"],"tags":[{"id":1780173348,"name":"swagger-codegen-python-pet-tag"}],"status":"sold"},{"id":79897977,"category":{"id":-43696612,"name":"exercitation"},"name":"doggie","photoUrls":["dolor","velit voluptate"],"tags":[{"id":59218385,"name":"aliqua"},{"id":72829050,"name":"nostrud ut"}],"status":"sold"},{"id":33845545,"category":{"id":-13100367,"name":"deserunt aute irure"},"name":"doggie","photoUrls":["dolore reprehenderit adipisicing sed","tempor irure consectetur amet"],"tags":[{"id":-43225306,"name":"laborum proi"
19:51:56.630 [main] DEBUG org.apache.http.wire -- http-outgoing-3 << "dent Excepteur"},{"id":-7466415,"name":"ut in cupidatat laboris"}],"status":"sold"},{"id":33377689,"category":{"id":-5871190,"name":"in voluptate velit proident"},"name":"doggie","photoUrls":["amet in","aute in"],"tags":[{"id":-26593919,"name":"tempor eiusmod ipsum"},{"id":78722837,"name":"in sit ullamco aliqua qui"}],"status":"sold"},{"id":24572652,"category":{"id":70314021,"name":"adipisicing dolore"},"name":"doggie","photoUrls":["magna dolor Ut in","in eiusm"],"tags":[{"id":85643839,"name":"aliquip sit dolor"},{"id":-89364963,"name":"elit id reprehenderit eiusmod exercitation"}],"status":"sold"},{"id":5644444,"category":{"id":566555,"name":"nulla minim laborum deserunt"},"name":"[0xd0][0xa1][0xd0][0xbe][0xd0][0xb1][0xd0][0xb0][0xd0][0xba][0xd0][0xb0]","photoUrls":["anim ullamco laborum eu","eiusm"],"tags":[{"id":10156776,"name":"cillum adipisicing"},{"id":-53013483,"name":"sit Ut enim dolore"}],"status":"sold"},{"id":24364310,"category":{"id":-12307344,"name":"kitten [0xd0][0xb1][0xd1][0x84][0xd1][0x80][0xd0][0xbc][0xd0][0xb0][0xd0][0xbb][0xd0][0xb5][0xd0][0xb9][0xd0][0xba][0xd0][0xb0]"},"name":"kitten1","photoUrls":["dolor in","occaecat dolore consectetur adipis"
19:51:56.630 [main] DEBUG org.apache.http.wire -- http-outgoing-3 << "icing"],"tags":[{"id":-22679152,"name":"non ex"},{"id":33284191,"name":"sed pariatur in"}],"status":"sold"},{"id":51338511,"category":{"id":43003430,"name":"ex ullamco"},"name":"doggie","photoUrls":["sit ipsum","nulla eu aliqua incididunt"],"tags":[{"id":1864541,"name":"anim elit amet"},{"id":98553871,"name":"ut"}],"status":"sold"},{"id":777123,"category":{"id":777123,"name":"fish"},"name":"Nemo","photoUrls":["https://img1.fonwall.ru/o/hl/sea-photography-flower-underwater.jpeg?route=mid&amp;h=750","https://img1.fonwall.ru/o/hl/sea-photography-flower-underwater.jpeg?route=mid&amp;h=750"],"tags":[{"id":123,"name":"priff"},{"id":123,"name":"ribka"}],"status":"sold"},{"id":23437566,"category":{"id":-46393995,"name":"ex ea culpa"},"name":"doggie","photoUrls":["ut ex veniam dolor","in aliquip"],"tags":[{"id":91638732,"name":"Excepteur ea commodo esse"},{"id":42980181,"name":"nulla officia ut labore"}],"status":"sold"},{"id":76621170,"category":{"id":16364966,"name":"Ut cupidatat velit irure minim"},"name":"doggie","
19:51:56.631 [main] DEBUG org.apache.http.wire -- http-outgoing-3 << ""photoUrls":["dolore quis","elit ea aliqua dolor adipisicing"],"tags":[{"id":24591216,"name":"ullamco magna laborum ut"},{"id":52512638,"name":"sunt non Lorem"}],"status":"sold"},{"id":40010473,"category":{"id":-13430874,"name":"in fugiat ipsum"},"name":"doggie","photoUrls":["proident sed ut","aute laboris elit occaecat aliquip"],"tags":[{"id":-64712721,"name":"ad"},{"id":40504054,"name":"in"}],"status":"sold"},{"id":82188160,"category":{"id":81640824,"name":"nisi exercitation reprehenderit dolore"},"name":"doggie","photoUrls":["proident eu enim","mollit cillum nisi"],"tags":[{"id":6316356,"name":"laborum magn"},{"id":73149614,"name":"veniam fugiat amet si"}],"status":"sold"},{"id":9223372036854775281,"category":{"id":-10633856,"name":"proident qui ea deserunt"},"name":"doggie","photoUrls":["aute in velit Ut pariatur","id voluptate"],"tags":[{"id":-22769704,"name":"consectetur adipisicing"},{"id":55433864,"name":"veniam est commodo"}],"status":"sold"},{"id":70119872,"category":{"id":93142102,"name":"[0xd0][0x97][0xd0][0xbc][0xd0][0xb5][0xd1][0x8f]""
19:51:56.632 [main] DEBUG org.apache.http.wire -- http-outgoing-3 << "},"name":"[0xd0][0x90][0xd0][0xbd][0xd0][0xb0][0xd0][0xba][0xd0][0xbe][0xd0][0xbd][0xd0][0xb4][0xd0][0xb0]","photoUrls":["mollit","https://irecommend.ru/sites/default/files/product-images/98227/3lJyZagay9aoxv06o6TJCQ.jpg"],"tags":[{"id":-19037377,"name":"deserunt veniam nulla reprehenderit"},{"id":51503358,"name":"ullamco aliqua Excepteur cillum"}],"status":"sold"},{"id":70119872000,"category":{"id":93142102,"name":"[0xd0][0x97][0xd0][0xb0][0xd1][0x8f][0xd1][0x86] [0xd1][0x84][0xd1][0x80][0xd0][0xb0][0xd0][0xbd][0xd1][0x86][0xd1][0x83][0xd0][0xb7][0xd1][0x81][0xd0][0xba][0xd0][0xb8][0xd0][0xb9] 2"},"name":"LAPIN LAPIN","photoUrls":["mollit","https://irecommend.ru/sites/default/files/product-images/98227/3lJyZagay9aoxv06o6TJCQ.jpg"],"tags":[{"id":-19037377,"name":"deserunt veniam nulla reprehenderit"},{"id":51503358,"name":"ullamco aliqua Excepteur cillum"}],"status":"sold"},{"id":90369791,"category":{"id":-28594492,"name":"ad"},"name":"doggie","photoUrls":["nulla ipsum dolor","cillum"],"tags":[{"id":16964237,"name":"velit aliquip occaecat voluptate"},{"id":-32143651,"name":"sed nulla sint"}],"status":"sold"},{"id":9223372036854773917,"category":{"id":0,"name":"string"},"name":"boss2.0","photoUrls":["string"],"tags":[{"id":0,"name":"st"
19:51:56.632 [main] DEBUG org.apache.http.wire -- http-outgoing-3 << "ring"}],"status":"sold"},{"id":9223372036854775289,"category":{"id":79893326,"name":"cupidatat est mollit eiusmod non"},"name":"doggie","photoUrls":["deserunt dolor","do eiusmod"],"tags":[{"id":60944180,"name":"ex mag"},{"id":90780404,"name":"ut ad minim velit cillum"}],"status":"sold"},{"id":38541659,"category":{"id":-70999792,"name":"dolore aliqua irure"},"name":"doggie","photoUrls":["cupidatat quis","ipsum deserunt"],"tags":[{"id":96985450,"name":"proident adipisicing officia"},{"id":-17203769,"name":"sunt reprehenderit"}],"status":"sold"},{"id":23327731,"category":{"id":-92357313,"name":"reprehenderit ut nostrud ut"},"name":"doggie","photoUrls":["Lorem laboris","laboris"],"tags":[{"id":89386643,"name":"elit esse cillum"},{"id":-23396785,"name":"minim consectetur"}],"status":"sold"},{"id":9223372036854775302,"category":{"id":0,"name":"creature"},"name":"Dragon","photoUrls":["string"],"tags":[{"id":0,"name":"string"}],"status":"sold"},{"id":1711982,"category":{"id":52551857,"name":"non Lorem tempor"},"name""
19:51:56.632 [main] DEBUG org.apache.http.wire -- http-outgoing-3 << ":"doggie","photoUrls":["veniam","reprehenderit commodo proident occaecat"],"tags":[{"id":-12689894,"name":"veniam mollit"},{"id":-27514803,"name":"sed ullamco ut"}],"status":"sold"},{"id":2022000,"category":{"id":0,"name":"bird"},"name":"Star","photoUrls":["string"],"tags":[{"id":0,"name":"shy"}],"status":"sold"},{"id":9223372036854775333,"category":{"id":182334,"name":"officia eiusmod"},"name":"doggie","photoUrls":["aute sint qui ullamco","labore"],"tags":[{"id":72234058,"name":"nostrud"},{"id":-24512131,"name":"exercitation fugiat laborum"}],"status":"sold"},{"id":71551342,"category":{"id":14955550,"name":"ipsum do amet"},"name":"doggie","photoUrls":["dolore dolor","pariatur elit ea"],"tags":[{"id":-17398234,"name":"non ex"},{"id":-32010324,"name":"ut culpa aliqua est non"}],"status":"sold"},{"id":9223372036854775344,"category":{"id":56425022,"name":"dol"},"name":"doggie","photoUrls":["irure Duis aliquip","velit fugiat in"],"tags":[{"id":8252994,"name":"dolor amet"},{"id":45116039,"name":"in ea quis"}],"sta"
19:51:56.632 [main] DEBUG org.apache.http.wire -- http-outgoing-3 << "tus":"sold"},{"id":38480305,"category":{"id":-59161747,"name":"Duis voluptate consequat"},"name":"doggie","photoUrls":["ex enim ","nisi est"],"tags":[{"id":49121599,"name":"non anim exercitation"},{"id":2672065,"name":"sint"}],"status":"sold"},{"id":87705905,"category":{"id":22032096,"name":"reprehenderit in minim"},"name":"doggie","photoUrls":["cillum Ut ","et adipisicing consequat"],"tags":[{"id":-14103627,"name":"reprehenderit"},{"id":47181501,"name":"occaecat"}],"status":"sold"},{"id":52931566,"category":{"id":91307171,"name":"sint aliqua"},"name":"doggie","photoUrls":["ut culpa null","quis"],"tags":[{"id":-40794559,"name":"velit proident nulla"},{"id":-14228534,"name":"ess"}],"status":"sold"},{"id":9223372036854775365,"category":{"id":95673763,"name":"et eiusm"},"name":"doggie","photoUrls":["laboris labore i","sint dolor consequat"],"tags":[{"id":45098116,"name":"dolor Excepteur"},{"id":-51366881,"name":"eiusmod aute minim in"}],"status":"sold"},{"id":9223372036854775367,"category":{"id":-78160617,"name""
19:51:56.633 [main] DEBUG org.apache.http.wire -- http-outgoing-3 << ":"ut in dolor"},"name":"doggie","photoUrls":["est Lorem","exercitation minim"],"tags":[{"id":-9951088,"name":"eu dolore"},{"id":73630427,"name":"culpa mollit"}],"status":"sold"},{"id":62751340,"category":{"id":-37441254,"name":"aute cillum voluptate veniam"},"name":"doggie","photoUrls":["mollit veniam","dolor enim reprehenderit"],"tags":[{"id":91709679,"name":"anim adipisicing"},{"id":919209,"name":"sint anim"}],"status":"sold"},{"id":9223372036854775370,"category":{"id":-66275959,"name":"[0xd0][0x9c][0xd0][0xb0][0xd1][0x88][0xd0][0xba][0xd0][0xb0]"},"name":"[0xd0][0x9a][0xd0][0xbe][0xd1][0x88][0xd0][0xba][0xd0][0xb0]","photoUrls":["[0xd0][0xa4][0xd0][0xbe][0xd1][0x82][0xd0][0xbe][0xd0][0xb3][0xd1][0x80][0xd0][0xb0][0xd1][0x84][0xd0][0xb8][0xd1][0x8f] [0xd0][0xbf][0xd0][0xb8][0xd1][0x82][0xd0][0xbe][0xd0][0xbc][0xd1][0x86][0xd0][0xb0]","http://mtdata.ru/u28/photo54AF/20246582584-0/original.jpg"],"tags":[{"id":-53654232,"name":"sit veniam qui"},{"id":82159841,"name":"ullamco consequat esse adipisicing"}],"status":"sold"},{"id":9223372036854775371,"category":{"id":-66275959,"name":"[0xd0][0x9c][0xd0][0xb0][0xd1][0x88][0xd0][0xb5][0xd0][0xbd][0xd1][0x8c][0xd0][0xba][0xd0][0xb0]"},"name":"[0xd0][0x9a][0xd0][0xbe][0xd1][0x88][0xd0][0xba][0xd0][0xb8]","photoUrls":["[0xd0][0xa4][0xd0][0xbe][0xd1][0x82][0xd0][0xbe][0xd0][0xb3][0xd1][0x80][0xd0][0xb0][0xd1][0x84][0xd0][0xb8][0xd1][0x8f] [0xd0][0xbf][0xd0][0xb8][0xd1][0x82][0xd0][0xbe][0xd0][0xbc][0xd1][0x86][0xd0][0xb0]","http://mtdata.ru/u28/photo54AF/20246582584-0/original.jpg"],"tags":[{"id":-53654232,"name":"sit veniam qui"
19:51:56.633 [main] DEBUG org.apache.http.wire -- http-outgoing-3 << ""},{"id":82159841,"name":"ullamco consequat esse adipisicing"}],"status":"sold"},{"id":12,"category":{"id":0,"name":"dogs"},"photoUrls":["string"],"tags":[{"id":0,"name":"string"}],"status":"sold"},{"id":9223372036854775279,"category":{"id":414,"name":"Dogs"},"name":"Buddy Updated","photoUrls":["https://example.com/photos/buddy-updated.jpg"],"tags":[{"id":1,"name":"golden-retriever"}],"status":"sold"},{"id":9223372036854775589,"name":"Buddy-b4979849","photoUrls":["https://example.com/photos/buddy1.jpg"],"tags":[],"status":"sold"},{"id":9223372036854775618,"category":{"id":1,"name":"Dogs"},"name":"Buddy","photoUrls":["https://example.com/photos/buddy.jpg"],"tags":[{"id":3762,"name":"adoption-ready"}],"status":"sold"},{"id":49199499,"category":{"id":20305865,"name":"et cupidatat nisi incididunt"},"name":"doggie","photoUrls":["sunt esse consequat","Ut nostrud anim adipisicing"],"tags":[{"id":33995919,"name":"tempor non nostrud"},{"id":-54707686,"name":"qui pariatur"}],"status":"sold"},{"id":36872199,"category":{"
19:51:56.633 [main] DEBUG org.apache.http.wire -- http-outgoing-3 << ""id":87131763,"name":"consectetur"},"name":"doggie","photoUrls":["officia","fugiat Duis sint"],"tags":[{"id":-32111804,"name":"sit consectetur"},{"id":-4313164,"name":"consectetur nulla laborum id"}],"status":"sold"},{"id":50,"category":{"id":2,"name":"dog_category50"},"name":"dognamesold","photoUrls":["string"],"tags":[{"id":51,"name":"dognamesold"}],"status":"sold"},{"id":1780180471,"category":{"id":1780180471,"name":"dog"},"name":"hello kity","photoUrls":["http://foo.bar.com/1","http://foo.bar.com/2"],"tags":[{"id":1780180471,"name":"blank"}],"status":"sold"},{"id":1780180473,"category":{"id":1780180473,"name":"dog"},"name":"hello kity","photoUrls":["http://foo.bar.com/1","http://foo.bar.com/2"],"tags":[{"id":1780180473,"name":"swagger-codegen-python-pet-tag"}],"status":"sold"},{"id":6253,"category":{"id":0,"name":"Dogs"},"name":"Buddy","photoUrls":["http://example.com/photos/buddy.jpg"],"tags":[],"status":"sold"},{"id":9,"category":{"id":0,"name":"cats"},"name":"King Kong","photoUrls":["string"],"tags":[{"
19:51:56.633 [main] DEBUG org.apache.http.wire -- http-outgoing-3 << ""id":0,"name":"string"}],"status":"sold"},{"id":999888777,"name":"Firulais navide[0xc3][0xb1]o","photoUrls":[],"tags":[],"status":"sold"},{"id":3086,"category":{"id":7,"name":"Dogs"},"name":"Buddy-e939d992","photoUrls":["http://example.com/photos/buddy.jpg"],"tags":[{"id":21,"name":"labrador"}],"status":"sold"},{"id":649223,"category":{"id":1,"name":"Dogs"},"name":"UpdatedDog-649223","photoUrls":["https://example.com/photo1.jpg"],"tags":[{"id":1,"name":"test-tag"}],"status":"sold"}][\r][\n]"
19:51:56.634 [main] DEBUG org.apache.http.wire -- http-outgoing-3 << "0[\r][\n]"
19:51:56.634 [main] DEBUG org.apache.http.wire -- http-outgoing-3 << "[\r][\n]"
19:51:56.634 [main] DEBUG org.apache.http.impl.conn.PoolingHttpClientConnectionManager -- Connection [id: 3][route: {s}->https://petstore.swagger.io:443] can be kept alive indefinitely
19:51:56.634 [main] DEBUG org.apache.http.impl.conn.DefaultManagedHttpClientConnection -- http-outgoing-3: set socket timeout to 0
19:51:56.635 [main] DEBUG org.apache.http.impl.conn.PoolingHttpClientConnectionManager -- Connection released: [id: 3][route: {s}->https://petstore.swagger.io:443][total available: 1; route allocated: 1 of 5; total allocated: 1 of 10]
19:51:56.635 [main] DEBUG org.apache.http.impl.conn.PoolingHttpClientConnectionManager -- Connection manager is shutting down
19:51:56.635 [main] DEBUG org.apache.http.impl.conn.DefaultManagedHttpClientConnection -- http-outgoing-3: Close connection
19:51:56.636 [main] DEBUG org.apache.http.impl.conn.PoolingHttpClientConnectionManager -- Connection manager shut down
19:51:56.638 [main] DEBUG com.intuit.karate -- response time in milliseconds: 371
1 < 200
1 < Date: Sun, 31 May 2026 00:51:56 GMT
1 < Content-Type: application/json
1 < Transfer-Encoding: chunked
1 < Connection: keep-alive
1 < Access-Control-Allow-Origin: *
1 < Access-Control-Allow-Methods: GET, POST, DELETE, PUT
1 < Access-Control-Allow-Headers: Content-Type, api_key, Authorization
1 < Server: Jetty(9.2.9.v20150224)
[{"id":1780158310,"category":{"id":1780158310,"name":"dog"},"name":"hello kity","photoUrls":["http://foo.bar.com/1","http://foo.bar.com/2"],"tags":[{"id":1780158310,"name":"blank"}],"status":"sold"},{"id":1780158312,"category":{"id":1780158312,"name":"dog"},"name":"hello kity","photoUrls":["http://foo.bar.com/1","http://foo.bar.com/2"],"tags":[{"id":1780158312,"name":"swagger-codegen-python-pet-tag"}],"status":"sold"},{"id":23423,"name":"kitty3","photoUrls":["k4@gmail.com"],"tags":[{"id":24335465,"name":"kittu"}],"status":"sold"},{"id":22123423,"category":{"id":1,"name":"Dog"},"name":"Buddy (Adopted)","photoUrls":["http://example.com/pets/buddy.jpg"],"tags":[{"id":1,"name":"adopted"},{"id":2,"name":"good-with-kids"}],"status":"sold"},{"id":3790818166,"category":{"id":12639717,"name":"dog"},"name":"hello kity","photoUrls":["http://foo.bar.com/1","http://foo.bar.com/2"],"tags":[{"id":1600987120,"name":"python-pet-tag"}],"status":"sold"},{"id":1020578936,"category":{"id":208736627,"name":"dog"},"name":"hello kity","photoUrls":["http://foo.bar.com/1","http://foo.bar.com/2"],"tags":[{"id":2595199724,"name":"python-pet-tag"}],"status":"sold"},{"id":4124259368,"category":{"id":3867806291,"name":"dog"},"name":"hello kity","photoUrls":["http://foo.bar.com/1","http://foo.bar.com/2"],"tags":[{"id":2300653328,"name":"python-pet-tag"}],"status":"sold"},{"id":3035757140,"category":{"id":4241853965,"name":"dog"},"name":"hello kity","photoUrls":["http://foo.bar.com/1","http://foo.bar.com/2"],"tags":[{"id":3300052138,"name":"python-pet-tag"}],"status":"sold"},{"id":1783149677,"category":{"id":2372231338,"name":"dog"},"name":"hello kity","photoUrls":["http://foo.bar.com/1","http://foo.bar.com/2"],"tags":[{"id":3946832912,"name":"python-pet-tag"}],"status":"sold"},{"id":1689647405,"category":{"id":507449673,"name":"dog"},"name":"hello kity with updated","photoUrls":["http://foo.bar.com/1","http://foo.bar.com/2"],"tags":[{"id":1651606157,"name":"python-pet-tag"}],"status":"sold"},{"id":2203857726,"category":{"id":708989635,"name":"dog"},"name":"hello kity","photoUrls":["http://foo.bar.com/1","http://foo.bar.com/2"],"tags":[{"id":2868908354,"name":"python-pet-tag"}],"status":"sold"},{"id":9233187,"category":{"id":2177097376,"name":"dog"},"name":"hello kity","photoUrls":["http://foo.bar.com/1","http://foo.bar.com/2"],"tags":[{"id":3214958513,"name":"python-pet-tag"}],"status":"sold"},{"id":213733982,"category":{"id":2489149695,"name":"dog"},"name":"hello kity","photoUrls":["http://foo.bar.com/1","http://foo.bar.com/2"],"tags":[{"id":3273241485,"name":"python-pet-tag"}],"status":"sold"},{"id":1201299969,"category":{"id":1866608733,"name":"dog"},"name":"hello kity","photoUrls":["http://foo.bar.com/1","http://foo.bar.com/2"],"tags":[{"id":686867590,"name":"blank"}],"status":"sold"},{"id":1063834221,"category":{"id":8378149,"name":"dog"},"name":"hello kity","photoUrls":["http://foo.bar.com/1","http://foo.bar.com/2"],"tags":[{"id":2541979651,"name":"blank"}],"status":"sold"},{"id":2018444624,"category":{"id":479272318,"name":"dog"},"name":"hello kity","photoUrls":["http://foo.bar.com/1","http://foo.bar.com/2"],"tags":[{"id":2881811915,"name":"python-pet-tag"}],"status":"sold"},{"id":1298828579,"category":{"id":1502397227,"name":"dog"},"name":"hello kity","photoUrls":["http://foo.bar.com/1","http://foo.bar.com/2"],"tags":[{"id":4075779943,"name":"python-pet-tag"}],"status":"sold"},{"id":1883796838,"category":{"id":2641974697,"name":"dog"},"name":"hello kity","photoUrls":["http://foo.bar.com/1","http://foo.bar.com/2"],"tags":[{"id":2839474268,"name":"python-pet-tag"}],"status":"sold"},{"id":1741713032,"category":{"id":2458385668,"name":"dog"},"name":"hello kity","photoUrls":["http://foo.bar.com/1","http://foo.bar.com/2"],"tags":[{"id":2018260065,"name":"python-pet-tag"}],"status":"sold"},{"id":3019596902,"category":{"id":3343745064,"name":"dog"},"name":"hello kity","photoUrls":["http://foo.bar.com/1","http://foo.bar.com/2"],"tags":[{"id":3764416742,"name":"python-pet-tag"}],"status":"sold"},{"id":1713779235,"category":{"id":2174486215,"name":"dog"},"name":"hello kity with updated","photoUrls":["http://foo.bar.com/1","http://foo.bar.com/2"],"tags":[{"id":4271217111,"name":"python-pet-tag"}],"status":"sold"},{"id":2830147433,"category":{"id":1065095047,"name":"dog"},"name":"hello kity","photoUrls":["http://foo.bar.com/1","http://foo.bar.com/2"],"tags":[{"id":1477078141,"name":"python-pet-tag"}],"status":"sold"},{"id":730338176,"category":{"id":1306212576,"name":"dog"},"name":"hello kity","photoUrls":["http://foo.bar.com/1","http://foo.bar.com/2"],"tags":[{"id":3501747614,"name":"python-pet-tag"}],"status":"sold"},{"id":1981639914,"category":{"id":4077504972,"name":"dog"},"name":"hello kity","photoUrls":["http://foo.bar.com/1","http://foo.bar.com/2"],"tags":[{"id":2696701904,"name":"python-pet-tag"}],"status":"sold"},{"id":31586,"name":"Firulais Updated","photoUrls":[],"tags":[],"status":"sold"},{"id":342,"category":{"id":901,"name":"Intelligent Concrete Bike"},"name":"Ergonomic Metal Ball","photoUrls":["http://placeimg.com/640/480/animals"],"tags":[{"id":719,"name":"Impedit et dolor nihil inventore illo a est minus."},{"id":732,"name":"voluptas non ut"}],"status":"sold"},{"id":1780162285,"category":{"id":1780162285,"name":"dog"},"name":"hello kity","photoUrls":["http://foo.bar.com/1","http://foo.bar.com/2"],"tags":[{"id":1780162285,"name":"blank"}],"status":"sold"},{"id":1780162387,"category":{"id":1780162387,"name":"dog"},"name":"hello kity","photoUrls":["http://foo.bar.com/1","http://foo.bar.com/2"],"tags":[{"id":1780162387,"name":"blank"}],"status":"sold"},{"id":1780162487,"category":{"id":1780162487,"name":"dog"},"name":"hello kity","photoUrls":["http://foo.bar.com/1","http://foo.bar.com/2"],"tags":[{"id":1780162487,"name":"blank"}],"status":"sold"},{"id":1780162637,"category":{"id":1780162637,"name":"dog"},"name":"hello kity","photoUrls":["http://foo.bar.com/1","http://foo.bar.com/2"],"tags":[{"id":1780162637,"name":"blank"}],"status":"sold"},{"id":56331470,"category":{"id":28262311,"name":"nostrud proident"},"name":"doggie","photoUrls":["sunt dolor veniam aliqua","nulla anim ex"],"tags":[{"id":21515670,"name":"voluptate in elit ani"},{"id":-36858804,"name":"proident non deserunt"}],"status":"sold"},{"id":9999999999999999,"category":{"id":0,"name":"sobaks"},"name":"Druzhok","photoUrls":["123"],"tags":[{"id":0,"name":"calm"}],"status":"sold"},{"id":24093935,"category":{"id":-6714225,"name":"do magna"},"name":"doggie","photoUrls":["aute","velit"],"tags":[{"id":71561130,"name":"deserunt ut occaecat"},{"id":-1195842,"name":"nulla nostrud occaeca"}],"status":"sold"},{"id":91507602,"category":{"id":-95494262,"name":"sit ea"},"name":"doggie","photoUrls":["deserunt","id sint et"],"tags":[{"id":-54029842,"name":"ullamco"},{"id":13198949,"name":"id"}],"status":"sold"},{"id":3708840,"category":{"id":9855812,"name":"Duis in commodo"},"name":"doggie","photoUrls":["minim id in sit","est esse culpa nisi"],"tags":[{"id":-89808508,"name":"sit"},{"id":-5238278,"name":"dolor in"}],"status":"sold"},{"id":1780166251,"category":{"id":1780166251,"name":"dog"},"name":"hello kity","photoUrls":["http://foo.bar.com/1","http://foo.bar.com/2"],"tags":[{"id":1780166251,"name":"swagger-codegen-python-pet-tag"}],"status":"sold"},{"id":1780166255,"category":{"id":1780166255,"name":"dog"},"name":"hello kity","photoUrls":["http://foo.bar.com/1","http://foo.bar.com/2"],"tags":[{"id":1780166255,"name":"swagger-codegen-python-pet-tag"}],"status":"sold"},{"id":1780166269,"category":{"id":1780166269,"name":"dog"},"name":"hello kity","photoUrls":["http://foo.bar.com/1","http://foo.bar.com/2"],"tags":[{"id":1780166269,"name":"swagger-codegen-python-pet-tag"}],"status":"sold"},{"id":1780166273,"category":{"id":1780166273,"name":"dog"},"name":"hello kity","photoUrls":["http://foo.bar.com/1","http://foo.bar.com/2"],"tags":[{"id":1780166273,"name":"swagger-codegen-python-pet-tag"}],"status":"sold"},{"id":1780166287,"category":{"id":1780166287,"name":"dog"},"name":"hello kity","photoUrls":["http://foo.bar.com/1","http://foo.bar.com/2"],"tags":[{"id":1780166287,"name":"swagger-codegen-python-pet-tag"}],"status":"sold"},{"id":1780166290,"category":{"id":1780166290,"name":"dog"},"name":"hello kity","photoUrls":["http://foo.bar.com/1","http://foo.bar.com/2"],"tags":[{"id":1780166290,"name":"swagger-codegen-python-pet-tag"}],"status":"sold"},{"id":3903023,"category":{"id":-56789506,"name":"cillum p"},"name":"doggie","photoUrls":["aliquip Excepteur","commodo dolore consequat eu"],"tags":[{"id":60937326,"name":"irure in"},{"id":20218536,"name":"sint consectetur ad voluptate"}],"status":"sold"},{"id":2179,"category":{"id":1513,"name":"string"},"name":"doggie","photoUrls":["htTp://whsec.us/rfi.php","string"],"tags":[{"id":3364,"name":"string"},{"id":6942,"name":"string"}],"status":"sold"},{"id":4415,"category":{"id":2870,"name":"Dogs"},"name":"Rex-ddf33ad0","photoUrls":["http://www.example.com/photos/rex.jpg"],"tags":[{"id":1,"name":"sold-cleanup"}],"status":"sold"},{"id":16,"category":{"id":1,"name":"boy"},"
[...]
[THYMELEAF]             * [* {th:autocomplete,data-th-autocomplete}] [1000]: org.thymeleaf.standard.processor.StandardRemovableAttributeTagProcessor
[THYMELEAF]             * [* {th:frame,data-th-frame}] [1000]: org.thymeleaf.standard.processor.StandardRemovableAttributeTagProcessor
[THYMELEAF]             * [* {th:valuetype,data-th-valuetype}] [1000]: org.thymeleaf.standard.processor.StandardRemovableAttributeTagProcessor
[THYMELEAF]             * [* {th:label,data-th-label}] [1000]: org.thymeleaf.standard.processor.StandardRemovableAttributeTagProcessor
[THYMELEAF]             * [* {th:codetype,data-th-codetype}] [1000]: org.thymeleaf.standard.processor.StandardRemovableAttributeTagProcessor
[THYMELEAF]             * [* {th:rowspan,data-th-rowspan}] [1000]: org.thymeleaf.standard.processor.StandardRemovableAttributeTagProcessor
[THYMELEAF]             * [* {th:maxlength,data-th-maxlength}] [1000]: org.thymeleaf.standard.processor.StandardRemovableAttributeTagProcessor
[THYMELEAF]             * [* {th:scrolling,data-th-scrolling}] [1000]: org.thymeleaf.standard.processor.StandardRemovableAttributeTagProcessor
[THYMELEAF]             * [* {th:style,data-th-style}] [1000]: org.thymeleaf.standard.processor.StandardRemovableAttributeTagProcessor
[THYMELEAF]             * [* {th:wrap,data-th-wrap}] [1000]: org.thymeleaf.standard.processor.StandardRemovableAttributeTagProcessor
[THYMELEAF]             * [* {th:cellpadding,data-th-cellpadding}] [1000]: org.thymeleaf.standard.processor.StandardRemovableAttributeTagProcessor
[THYMELEAF]             * [* {th:start,data-th-start}] [1000]: org.thymeleaf.standard.processor.StandardRemovableAttributeTagProcessor
[THYMELEAF]             * [* {th:title,data-th-title}] [1000]: org.thymeleaf.standard.processor.StandardRemovableAttributeTagProcessor
[THYMELEAF]             * [* {th:content,data-th-content}] [1000]: org.thymeleaf.standard.processor.StandardRemovableAttributeTagProcessor
[THYMELEAF]             * [* {th:sizes,data-th-sizes}] [1000]: org.thymeleaf.standard.processor.StandardRemovableAttributeTagProcessor
[THYMELEAF]             * [* {th:form,data-th-form}] [1000]: org.thymeleaf.standard.processor.StandardRemovableAttributeTagProcessor
[THYMELEAF]             * [* {th:span,data-th-span}] [1000]: org.thymeleaf.standard.processor.StandardRemovableAttributeTagProcessor
[THYMELEAF]             * [* {th:vspace,data-th-vspace}] [1000]: org.thymeleaf.standard.processor.StandardRemovableAttributeTagProcessor
[THYMELEAF]             * [* {th:width,data-th-width}] [1000]: org.thymeleaf.standard.processor.StandardRemovableAttributeTagProcessor
[THYMELEAF]             * [* {th:codebase,data-th-codebase}] [1000]: org.thymeleaf.standard.processor.StandardRemovableAttributeTagProcessor
[THYMELEAF]             * [* {th:usemap,data-th-usemap}] [1000]: org.thymeleaf.standard.processor.StandardRemovableAttributeTagProcessor
[THYMELEAF]             * [* {th:background,data-th-background}] [1000]: org.thymeleaf.standard.processor.StandardRemovableAttributeTagProcessor
[THYMELEAF]             * [* {th:media,data-th-media}] [1000]: org.thymeleaf.standard.processor.StandardRemovableAttributeTagProcessor
[THYMELEAF]             * [* {th:data,data-th-data}] [1000]: org.thymeleaf.standard.processor.StandardRemovableAttributeTagProcessor
[THYMELEAF]             * [* {th:cellspacing,data-th-cellspacing}] [1000]: org.thymeleaf.standard.processor.StandardRemovableAttributeTagProcessor
[THYMELEAF]             * [* {th:accesskey,data-th-accesskey}] [1000]: org.thymeleaf.standard.processor.StandardRemovableAttributeTagProcessor
[THYMELEAF]             * [* {th:contextmenu,data-th-contextmenu}] [1000]: org.thymeleaf.standard.processor.StandardRemovableAttributeTagProcessor
[THYMELEAF]             * [* {th:marginheight,data-th-marginheight}] [1000]: org.thymeleaf.standard.processor.StandardRemovableAttributeTagProcessor
[THYMELEAF]             * [* {th:spellcheck,data-th-spellcheck}] [1000]: org.thymeleaf.standard.processor.StandardRemovableAttributeTagProcessor
[THYMELEAF]             * [* {th:for,data-th-for}] [1000]: org.thymeleaf.standard.processor.StandardRemovableAttributeTagProcessor
[THYMELEAF]             * [* {th:enctype,data-th-enctype}] [1000]: org.thymeleaf.standard.processor.StandardRemovableAttributeTagProcessor
[THYMELEAF]             * [* {th:dropzone,data-th-dropzone}] [1000]: org.thymeleaf.standard.processor.StandardRemovableAttributeTagProcessor
[THYMELEAF]             * [* {th:accept,data-th-accept}] [1000]: org.thymeleaf.standard.processor.StandardRemovableAttributeTagProcessor
[THYMELEAF]             * [* {th:challenge,data-th-challenge}] [1000]: org.thymeleaf.standard.processor.StandardRemovableAttributeTagProcessor
[THYMELEAF]             * [* {th:srclang,data-th-srclang}] [1000]: org.thymeleaf.standard.processor.StandardRemovableAttributeTagProcessor
[THYMELEAF]             * [* {th:lang,data-th-lang}] [1000]: org.thymeleaf.standard.processor.StandardRemovableAttributeTagProcessor
[THYMELEAF]             * [* {th:archive,data-th-archive}] [1000]: org.thymeleaf.standard.processor.StandardRemovableAttributeTagProcessor
[THYMELEAF]             * [* {th:max,data-th-max}] [1000]: org.thymeleaf.standard.processor.StandardRemovableAttributeTagProcessor
[THYMELEAF]             * [* {th:http-equiv,data-th-http-equiv}] [1000]: org.thymeleaf.standard.processor.StandardRemovableAttributeTagProcessor
[THYMELEAF]             * [* {th:src,data-th-src}] [1000]: org.thymeleaf.standard.processor.StandardSrcTagProcessor
[THYMELEAF]             * [* {th:value,data-th-value}] [1000]: org.thymeleaf.standard.processor.StandardValueTagProcessor
[THYMELEAF]             * [* {th:xmlbase,data-th-xmlbase}] [1000]: org.thymeleaf.standard.processor.StandardXmlBaseTagProcessor
[THYMELEAF]             * [* {th:xmllang,data-th-xmllang}] [1000]: org.thymeleaf.standard.processor.StandardXmlLangTagProcessor
[THYMELEAF]             * [* {xmlns:th}] [1000]: org.thymeleaf.standard.processor.StandardXmlNsTagProcessor
[THYMELEAF]             * [* {th:xmlspace,data-th-xmlspace}] [1000]: org.thymeleaf.standard.processor.StandardXmlSpaceTagProcessor
[THYMELEAF]             * [* {th:classappend,data-th-classappend}] [1100]: org.thymeleaf.standard.processor.StandardClassappendTagProcessor
[THYMELEAF]             * [* {th:styleappend,data-th-styleappend}] [1100]: org.thymeleaf.standard.processor.StandardStyleappendTagProcessor
[THYMELEAF]             * [* {th:text,data-th-text}] [1300]: org.thymeleaf.standard.processor.StandardTextTagProcessor
[THYMELEAF]             * [* {th:utext,data-th-utext}] [1400]: org.thymeleaf.standard.processor.StandardUtextTagProcessor
[THYMELEAF]             * [* {th:fragment,data-th-fragment}] [1500]: org.thymeleaf.standard.processor.StandardFragmentTagProcessor
[THYMELEAF]             * [* {th:assert,data-th-assert}] [1550]: org.thymeleaf.standard.processor.StandardAssertTagProcessor
[THYMELEAF]             * [* {th:remove,data-th-remove}] [1600]: org.thymeleaf.standard.processor.StandardRemoveTagProcessor
[THYMELEAF]             * [* {th:ref,data-th-ref}] [10000]: org.thymeleaf.standard.processor.StandardRefAttributeTagProcessor
[THYMELEAF]             * [{th:block,th-block} *] [100000]: org.thymeleaf.standard.processor.StandardBlockTagProcessor
[THYMELEAF]             * [* th:*] [2147483647]: org.thymeleaf.standard.processor.StandardDefaultAttributesTagProcessor
[THYMELEAF]         * Text Processors by [precedence]:
[THYMELEAF]             * [1000]: org.thymeleaf.standard.processor.StandardInliningTextProcessor
[THYMELEAF]         * DOCTYPE Processors by [precedence]:
[THYMELEAF]             * [1000]: org.thymeleaf.standard.processor.StandardTranslationDocTypeProcessor
[THYMELEAF]         * CDATA Section Processors by [precedence]:
[THYMELEAF]             * [1000]: org.thymeleaf.standard.processor.StandardInliningCDATASectionProcessor
[THYMELEAF]         * Comment Processors by [precedence]:
[THYMELEAF]             * [1000]: org.thymeleaf.standard.processor.StandardInliningCommentProcessor
[THYMELEAF]             * [1100]: org.thymeleaf.standard.processor.StandardConditionalCommentProcessor
[THYMELEAF]     * Processors for Template Mode: XML
[THYMELEAF]         * Element Tag Processors by [matching element and attribute name] [precedence]:
[THYMELEAF]             * [* {th:include}] [100]: org.thymeleaf.standard.processor.StandardIncludeTagProcessor
[THYMELEAF]             * [* {th:insert}] [100]: org.thymeleaf.standard.processor.StandardInsertTagProcessor
[THYMELEAF]             * [* {th:replace}] [100]: org.thymeleaf.standard.processor.StandardReplaceTagProcessor
[THYMELEAF]             * [* {th:each}] [200]: com.intuit.karate.template.KarateEachTagProcessor
[THYMELEAF]             * [* {th:switch}] [250]: org.thymeleaf.standard.processor.StandardSwitchTagProcessor
[THYMELEAF]             * [* {th:case}] [275]: org.thymeleaf.standard.processor.StandardCaseTagProcessor
[THYMELEAF]             * [* {th:if}] [300]: org.thymeleaf.standard.processor.StandardIfTagProcessor
[THYMELEAF]             * [* {th:unless}] [400]: org.thymeleaf.standard.processor.StandardUnlessTagProcessor
[THYMELEAF]             * [* {th:object}] [500]: org.thymeleaf.standard.processor.StandardObjectTagProcessor
[THYMELEAF]             * [* {th:with}] [600]: com.intuit.karate.template.KarateWithTagProcessor
[THYMELEAF]             * [* {th:attr}] [700]: com.intuit.karate.template.KarateAttributeTagProcessor.KarateAttrTagProcessor
[THYMELEAF]             * [* {th:attrappend}] [900]: com.intuit.karate.template.KarateAttributeTagProcessor.KarateAttrappendTagProcessor
[THYMELEAF]             * [* {th:attrprepend}] [900]: com.intuit.karate.template.KarateAttributeTagProcessor.KarateAttrprependTagProcessor
[THYMELEAF]             * [* {th:inline}] [1000]: org.thymeleaf.standard.processor.StandardInlineXMLTagProcessor
[THYMELEAF]             * [* {xmlns:th}] [1000]: org.thymeleaf.standard.processor.StandardXmlNsTagProcessor
[THYMELEAF]             * [* {th:text}] [1300]: org.thymeleaf.standard.processor.StandardTextTagProcessor
[THYMELEAF]             * [* {th:utext}] [1400]: org.thymeleaf.standard.processor.StandardUtextTagProcessor
[THYMELEAF]             * [* {th:fragment}] [1500]: org.thymeleaf.standard.processor.StandardFragmentTagProcessor
[THYMELEAF]             * [* {th:assert}] [1550]: org.thymeleaf.standard.processor.StandardAssertTagProcessor
[THYMELEAF]             * [* {th:remove}] [1600]: org.thymeleaf.standard.processor.StandardRemoveTagProcessor
[THYMELEAF]             * [* {th:ref}] [10000]: org.thymeleaf.standard.processor.StandardRefAttributeTagProcessor
[THYMELEAF]             * [{th:block} *] [100000]: org.thymeleaf.standard.processor.StandardBlockTagProcessor
[THYMELEAF]             * [* th:*] [2147483647]: org.thymeleaf.standard.processor.StandardDefaultAttributesTagProcessor
[THYMELEAF]         * Text Processors by [precedence]:
[THYMELEAF]             * [1000]: org.thymeleaf.standard.processor.StandardInliningTextProcessor
[THYMELEAF]         * CDATA Section Processors by [precedence]:
[THYMELEAF]             * [1000]: org.thymeleaf.standard.processor.StandardInliningCDATASectionProcessor
[THYMELEAF]         * Comment Processors by [precedence]:
[THYMELEAF]             * [1000]: org.thymeleaf.standard.processor.StandardInliningCommentProcessor
[THYMELEAF]     * Processors for Template Mode: TEXT
[THYMELEAF]         * Element Tag Processors by [matching element and attribute name] [precedence]:
[THYMELEAF]             * [* {th:insert}] [100]: org.thymeleaf.standard.processor.StandardInsertTagProcessor
[THYMELEAF]             * [* {th:replace}] [100]: org.thymeleaf.standard.processor.StandardReplaceTagProcessor
[THYMELEAF]             * [* {th:each}] [200]: com.intuit.karate.template.KarateEachTagProcessor
[THYMELEAF]             * [* {th:switch}] [250]: org.thymeleaf.standard.processor.StandardSwitchTagProcessor
[THYMELEAF]             * [* {th:case}] [275]: org.thymeleaf.standard.processor.StandardCaseTagProcessor
[THYMELEAF]             * [* {th:if}] [300]: org.thymeleaf.standard.processor.StandardIfTagProcessor
[THYMELEAF]             * [* {th:unless}] [400]: org.thymeleaf.standard.processor.StandardUnlessTagProcessor
[THYMELEAF]             * [* {th:object}] [500]: org.thymeleaf.standard.processor.StandardObjectTagProcessor
[THYMELEAF]             * [* {th:with}] [600]: com.intuit.karate.template.KarateWithTagProcessor
[THYMELEAF]             * [* {th:inline}] [1000]: org.thymeleaf.standard.processor.StandardInlineTextualTagProcessor
[THYMELEAF]             * [* {th:text}] [1300]: org.thymeleaf.standard.processor.StandardTextTagProcessor
[THYMELEAF]             * [* {th:utext}] [1400]: org.thymeleaf.standard.processor.StandardUtextTagProcessor
[THYMELEAF]             * [* {th:assert}] [1550]: org.thymeleaf.standard.processor.StandardAssertTagProcessor
[THYMELEAF]             * [* {th:remove}] [1600]: org.thymeleaf.standard.processor.StandardRemoveTagProcessor
[THYMELEAF]             * [{th:block} *] [100000]: org.thymeleaf.standard.processor.StandardBlockTagProcessor
[THYMELEAF]             * [* 100000] [org.thymeleaf.standard.processor.StandardBlockTagProcessor]: {}
[THYMELEAF]         * Text Processors by [precedence]:
[THYMELEAF]             * [1000]: org.thymeleaf.standard.processor.StandardInliningTextProcessor
[THYMELEAF]     * Processors for Template Mode: JAVASCRIPT
[THYMELEAF]         * Element Tag Processors by [matching element and attribute name] [precedence]:
[THYMELEAF]             * [* {th:insert}] [100]: org.thymeleaf.standard.processor.StandardInsertTagProcessor
[THYMELEAF]             * [* {th:replace}] [100]: org.thymeleaf.standard.processor.StandardReplaceTagProcessor
[THYMELEAF]             * [* {th:each}] [200]: com.intuit.karate.template.KarateEachTagProcessor
[THYMELEAF]             * [* {th:switch}] [250]: org.thymeleaf.standard.processor.StandardSwitchTagProcessor
[THYMELEAF]             * [* {th:case}] [275]: org.thymeleaf.standard.processor.StandardCaseTagProcessor
[THYMELEAF]             * [* {th:if}] [300]: org.thymeleaf.standard.processor.StandardIfTagProcessor
[THYMELEAF]             * [* {th:unless}] [400]: org.thymeleaf.standard.processor.StandardUnlessTagProcessor
[THYMELEAF]             * [* {th:object}] [500]: org.thymeleaf.standard.processor.StandardObjectTagProcessor
[THYMELEAF]             * [* {th:with}] [600]: com.intuit.karate.template.KarateWithTagProcessor
[THYMELEAF]             * [* {th:inline}] [1000]: org.thymeleaf.standard.processor.StandardInlineTextualTagProcessor
[THYMELEAF]             * [* {th:text}] [1300]: org.thymeleaf.standard.processor.StandardTextTagProcessor
[THYMELEAF]             * [* {th:utext}] [1400]: org.thymeleaf.standard.processor.StandardUtextTagProcessor
[THYMELEAF]             * [* {th:assert}] [1550]: org.thymeleaf.standard.processor.StandardAssertTagProcessor
[THYMELEAF]             * [* {th:remove}] [1600]: org.thymeleaf.standard.processor.StandardRemoveTagProcessor
[THYMELEAF]             * [* 100000] [org.thymeleaf.standard.processor.StandardBlockTagProcessor]: {}
[THYMELEAF]             * [{th:block} *] [100000]: org.thymeleaf.standard.processor.StandardBlockTagProcessor
[THYMELEAF]         * Text Processors by [precedence]:
[THYMELEAF]             * [1000]: org.thymeleaf.standard.processor.StandardInliningTextProcessor
[THYMELEAF]     * Processors for Template Mode: CSS
[THYMELEAF]         * Element Tag Processors by [matching element and attribute name] [precedence]:
[THYMELEAF]             * [* {th:insert}] [100]: org.thymeleaf.standard.processor.StandardInsertTagProcessor
[THYMELEAF]             * [* {th:replace}] [100]: org.thymeleaf.standard.processor.StandardReplaceTagProcessor
[THYMELEAF]             * [* {th:each}] [200]: com.intuit.karate.template.KarateEachTagProcessor
[THYMELEAF]             * [* {th:switch}] [250]: org.thymeleaf.standard.processor.StandardSwitchTagProcessor
[THYMELEAF]             * [* {th:case}] [275]: org.thymeleaf.standard.processor.StandardCaseTagProcessor
[THYMELEAF]             * [* {th:if}] [300]: org.thymeleaf.standard.processor.StandardIfTagProcessor
[THYMELEAF]             * [* {th:unless}] [400]: org.thymeleaf.standard.processor.StandardUnlessTagProcessor
[THYMELEAF]             * [* {th:object}] [500]: org.thymeleaf.standard.processor.StandardObjectTagProcessor
[THYMELEAF]             * [* {th:with}] [600]: com.intuit.karate.template.KarateWithTagProcessor
[THYMELEAF]             * [* {th:inline}] [1000]: org.thymeleaf.standard.processor.StandardInlineTextualTagProcessor
[THYMELEAF]             * [* {th:text}] [1300]: org.thymeleaf.standard.processor.StandardTextTagProcessor
[THYMELEAF]             * [* {th:utext}] [1400]: org.thymeleaf.standard.processor.StandardUtextTagProcessor
[THYMELEAF]             * [* {th:assert}] [1550]: org.thymeleaf.standard.processor.StandardAssertTagProcessor
[THYMELEAF]             * [* {th:remove}] [1600]: org.thymeleaf.standard.processor.StandardRemoveTagProcessor
[THYMELEAF]             * [* 100000] [org.thymeleaf.standard.processor.StandardBlockTagProcessor]: {}
[THYMELEAF]             * [{th:block} *] [100000]: org.thymeleaf.standard.processor.StandardBlockTagProcessor
[THYMELEAF]         * Text Processors by [precedence]:
[THYMELEAF]             * [1000]: org.thymeleaf.standard.processor.StandardInliningTextProcessor
[THYMELEAF]     * Expression Objects:
[THYMELEAF]         * #ctx
[THYMELEAF]         * #root
[THYMELEAF]         * #vars
[THYMELEAF]         * #object
[THYMELEAF]         * #locale
[THYMELEAF]         * #conversions
[THYMELEAF]         * #uris
[THYMELEAF]         * #temporals
[THYMELEAF]         * #calendars
[THYMELEAF]         * #dates
[THYMELEAF]         * #bools
[THYMELEAF]         * #numbers
[THYMELEAF]         * #objects
[THYMELEAF]         * #strings
[THYMELEAF]         * #arrays
[THYMELEAF]         * #lists
[THYMELEAF]         * #sets
[THYMELEAF]         * #maps
[THYMELEAF]         * #aggregates
[THYMELEAF]         * #messages
[THYMELEAF]         * #ids
[THYMELEAF]         * #execInfo
[THYMELEAF]         * #request
[THYMELEAF]         * #response
[THYMELEAF]         * #session
[THYMELEAF]         * #servletContext
[THYMELEAF]     * Execution Attributes:
[THYMELEAF]         * "StandardExpressionParser": com.intuit.karate.template.KarateStandardDialect@7ee12d58
[THYMELEAF]         * "StandardJavaScriptSerializer": org.thymeleaf.standard.serializer.StandardJavaScriptSerializer@7bdb4f17
[THYMELEAF]         * "StandardCSSSerializer": org.thymeleaf.standard.serializer.StandardCSSSerializer@77856cc5
[THYMELEAF]         * "StandardVariableExpressionEvaluator": com.intuit.karate.template.KarateStandardDialect@7ee12d58
[THYMELEAF]         * "StandardConversionService": org.thymeleaf.standard.expression.StandardConversionService@1fbd5e0
[THYMELEAF] * Dialect [2 of 2]: karate (com.intuit.karate.template.KarateScriptDialect)
[THYMELEAF]     * Prefix: "ka"
[THYMELEAF]     * Processors for Template Mode: HTML
[THYMELEAF]         * Element Tag Processors by [matching element and attribute name] [precedence]:
[THYMELEAF]             * [* {src}] [1000]: com.intuit.karate.template.KaScriptAttrProcessor
[THYMELEAF]         * Element Model Processors by [matching element and attribute name] [precedence]:
[THYMELEAF]             * [{script} {ka:scope,data-ka-scope}] [1000]: com.intuit.karate.template.KaScriptElemProcessor
[THYMELEAF]             * [* {ka:set,data-ka-set}] [1000]: com.intuit.karate.template.KaSetElemProcessor
[THYMELEAF] TEMPLATE ENGINE CONFIGURED OK
19:51:58.986 [main] DEBUG org.thymeleaf.TemplateEngine -- [THYMELEAF] TEMPLATE ENGINE INITIALIZED

HTML report: (paste into browser to view) | Karate version: 1.4.1
file:///C:/Users/user/Documents/Johy/Proyectos_JB/RetoPetStoreKarate/target/karate-reports/karate-summary.html
===================================================================

]]></system-out>
  </testcase>
</testsuite>